#
# A fatal error has been detected by the Java Runtime Environment:
#
#  SIGSEGV (0xb) at pc=0x00000001060aad68, pid=18571, tid=19971
#
# JRE version: Java(TM) SE Runtime Environment (8.0_73-b02) (build 1.8.0_73-b02)
# Java VM: Java HotSpot(TM) 64-Bit Server VM (25.73-b02 mixed mode bsd-amd64 compressed oops)
# Problematic frame:
# C  [libjdwp.dylib+0x21d68]  jvmtiAllocate+0x1d
#
# Failed to write core dump. Core dumps have been disabled. To enable core dumping, try "ulimit -c unlimited" before starting Java again
#
# If you would like to submit a bug report, please visit:
#   http://bugreport.java.com/bugreport/crash.jsp
# The crash happened outside the Java Virtual Machine in native code.
# See problematic frame for where to report the bug.
#

---------------  T H R E A D  ---------------

Current thread (0x00007fa75c002800):  JavaThread "JDWP Command Reader" daemon [_thread_in_native, id=19971, stack(0x0000700008243000,0x0000700008343000)]

siginfo: si_signo: 11 (SIGSEGV), si_code: 1 (SEGV_MAPERR), si_addr: 0x0000000000000000

Registers:
RAX=0x0000000000000000, RBX=0x00000001141ec38a, RCX=0x0000000000000009, RDX=0x0000700008342b49
RSP=0x0000700008342b00, RBP=0x0000700008342b30, RSI=0x000000000000f000, RDI=0x0000000000000022
R8 =0x0000700008342b49, R9 =0x0000000000000000, R10=0x000000000000002e, R11=0x00007fff8b998b46
R12=0x00000001060b0e7a, R13=0x00007fa75b761220, R14=0x000000000000000a, R15=0x00000001060af891
RIP=0x00000001060aad68, EFLAGS=0x0000000000010206, ERR=0x0000000000000004
  TRAPNO=0x000000000000000e

Top of Stack: (sp=0x0000700008342b00)
0x0000700008342b00:   0000000000000004 ffffffffffffffe7
0x0000700008342b10:   0000000000000000 0000000000000107
0x0000700008342b20:   00000001141ec38a 000000000000000a
0x0000700008342b30:   0000700008342c60 00000001141eb792
0x0000700008342b40:   0000000000000000 6c69662064614268
0x0000700008342b50:   6972637365642065 00000000726f7470
0x0000700008342b60:   0000000000000000 0000000000000000
0x0000700008342b70:   0000000000000000 0000000000000000
0x0000700008342b80:   0000000000000000 0000000000000000
0x0000700008342b90:   0000000000000000 0000000000000000
0x0000700008342ba0:   0000000000000000 0000000000000000
0x0000700008342bb0:   0000000000000000 0000000000000000
0x0000700008342bc0:   0000000000000000 0000000000000000
0x0000700008342bd0:   0000000000000000 0000000000000000
0x0000700008342be0:   0000000000000000 0000000000000000
0x0000700008342bf0:   0000000000000000 0000000000000000
0x0000700008342c00:   0000000000000000 0000000000000000
0x0000700008342c10:   0000000000000000 0000000000000000
0x0000700008342c20:   0000000000000000 0000000000000000
0x0000700008342c30:   0000000000000000 0000000000000000
0x0000700008342c40:   0000000000000000 a5b6f972375100fc
0x0000700008342c50:   0000700008342ce0 00000001060b0e95
0x0000700008342c60:   0000700008342c90 00000001141eb2ff
0x0000700008342c70:   0000700008342cb0 00000001060aba19
0x0000700008342c80:   0000700008342ce0 00000001060b0e95
0x0000700008342c90:   0000700008342cb0 00000001060a7b71
0x0000700008342ca0:   00000001060b0e6e 00000001060b0e95
0x0000700008342cb0:   0000700008342d20 00000001060979c9
0x0000700008342cc0:   0000000000000019 0000700008342d00
0x0000700008342cd0:   00000000001e1001 0000000000004e03
0x0000700008342ce0:   00000cc80000002c 0000000000020100
0x0000700008342cf0:   00007fa75b760d30 00007fa75c002800 

Instructions: (pc=0x00000001060aad68)
0x00000001060aad48:   5e 5d c3 55 48 89 e5 41 56 53 48 83 ec 20 85 ff
0x00000001060aad58:   0f 84 85 00 00 00 48 8b 05 33 18 01 00 48 8b 00
0x00000001060aad68:   48 8b 08 48 63 f7 48 8d 55 e8 48 89 c7 ff 91 68
0x00000001060aad78:   01 00 00 85 c0 74 5e 89 c3 89 df e8 66 ce fe ff 

Register to memory mapping:

RAX=0x0000000000000000 is an unknown value
RBX=0x00000001141ec38a: dbgsysConnect+0x2fe in /Library/Java/JavaVirtualMachines/jdk1.8.0_73.jdk/Contents/Home/jre/lib/libdt_socket.dylib at 0x00000001141ea000
RCX=0x0000000000000009 is an unknown value
RDX=0x0000700008342b49 is pointing into the stack for thread: 0x00007fa75c002800
RSP=0x0000700008342b00 is pointing into the stack for thread: 0x00007fa75c002800
RBP=0x0000700008342b30 is pointing into the stack for thread: 0x00007fa75c002800
RSI=0x000000000000f000 is an unknown value
RDI=0x0000000000000022 is an unknown value
R8 =0x0000700008342b49 is pointing into the stack for thread: 0x00007fa75c002800
R9 =0x0000000000000000 is an unknown value
R10=0x000000000000002e is an unknown value
R11=0x00007fff8b998b46: pthread_getspecific+0 in /usr/lib/system/libsystem_pthread.dylib at 0x00007fff8b997000
R12=0x00000001060b0e7a: util_initialize+0x25dd in /Library/Java/JavaVirtualMachines/jdk1.8.0_73.jdk/Contents/Home/jre/lib/libjdwp.dylib at 0x0000000106089000
R13=0x00007fa75b761220 is an unknown value
R14=0x000000000000000a is an unknown value
R15=0x00000001060af891: util_initialize+0xff4 in /Library/Java/JavaVirtualMachines/jdk1.8.0_73.jdk/Contents/Home/jre/lib/libjdwp.dylib at 0x0000000106089000


Stack: [0x0000700008243000,0x0000700008343000],  sp=0x0000700008342b00,  free space=1022k
Native frames: (J=compiled Java code, j=interpreted, Vv=VM code, C=native code)
C  [libjdwp.dylib+0x21d68]  jvmtiAllocate+0x1d
C  [libdt_socket.dylib+0x1792]  setLastError+0x87
C  [libdt_socket.dylib+0x12ff]  socketTransport_readPacket+0x67
C  [libjdwp.dylib+0x1eb71]  transport_receivePacket+0x1a
C  [libjdwp.dylib+0xe9c9]  reader+0x72
V  [libjvm.dylib+0x397138]
V  [libjvm.dylib+0x561753]
V  [libjvm.dylib+0x562e4e]
V  [libjvm.dylib+0x4838a2]
C  [libsystem_pthread.dylib+0x3aab]  _pthread_body+0xb4
C  [libsystem_pthread.dylib+0x39f7]  _pthread_body+0x0
C  [libsystem_pthread.dylib+0x31fd]  thread_start+0xd
C  0x0000000000000000


---------------  P R O C E S S  ---------------

Java Threads: ( => current thread )
  0x00007fa75d828800 JavaThread "Service Thread" daemon [_thread_blocked, id=22531, stack(0x0000700008752000,0x0000700008852000)]
  0x00007fa75c821000 JavaThread "C1 CompilerThread3" daemon [_thread_blocked, id=22019, stack(0x000070000864f000,0x000070000874f000)]
  0x00007fa75b869000 JavaThread "C2 CompilerThread2" daemon [_thread_in_native, id=21507, stack(0x000070000854c000,0x000070000864c000)]
  0x00007fa75f801000 JavaThread "C2 CompilerThread1" daemon [_thread_in_native, id=20995, stack(0x0000700008449000,0x0000700008549000)]
  0x00007fa75b868000 JavaThread "C2 CompilerThread0" daemon [_thread_in_native, id=20483, stack(0x0000700008346000,0x0000700008446000)]
=>0x00007fa75c002800 JavaThread "JDWP Command Reader" daemon [_thread_in_native, id=19971, stack(0x0000700008243000,0x0000700008343000)]
  0x00007fa75b855800 JavaThread "JDWP Event Helper Thread" daemon [_thread_blocked, id=19459, stack(0x0000700008140000,0x0000700008240000)]
  0x00007fa75d829800 JavaThread "JDWP Transport Listener: dt_socket" daemon [_thread_blocked, id=18947, stack(0x000070000803d000,0x000070000813d000)]
  0x00007fa75d801800 JavaThread "Signal Dispatcher" daemon [_thread_blocked, id=18435, stack(0x0000700007f3a000,0x000070000803a000)]
  0x00007fa75b80b800 JavaThread "Finalizer" daemon [_thread_blocked, id=14595, stack(0x0000700007e37000,0x0000700007f37000)]
  0x00007fa75b80a800 JavaThread "Reference Handler" daemon [_thread_blocked, id=14083, stack(0x0000700007d34000,0x0000700007e34000)]
  0x00007fa75d802800 JavaThread "main" [_thread_blocked, id=7171, stack(0x0000700007316000,0x0000700007416000)]

Other Threads:
  0x00007fa75c808800 VMThread [stack: 0x0000700007c31000,0x0000700007d31000] [id=13571]

VM state:at safepoint (normal execution)

VM Mutex/Monitor currently owned by a thread:  ([mutex/lock_event])
[0x00007fa75b50fd60] Threads_lock - owner thread: 0x00007fa75c808800

Heap:
 PSYoungGen      total 182272K, used 6953K [0x000000076ab00000, 0x000000077c700000, 0x00000007c0000000)
  eden space 176128K, 3% used [0x000000076ab00000,0x000000076b1ca478,0x0000000775700000)
  from space 6144K, 0% used [0x000000077c100000,0x000000077c100000,0x000000077c700000)
  to   space 21504K, 0% used [0x0000000779d00000,0x0000000779d00000,0x000000077b200000)
 ParOldGen       total 142848K, used 24799K [0x00000006c0000000, 0x00000006c8b80000, 0x000000076ab00000)
  object space 142848K, 17% used [0x00000006c0000000,0x00000006c1837cc8,0x00000006c8b80000)
 Metaspace       used 23338K, capacity 23958K, committed 25216K, reserved 1071104K
  class space    used 2808K, capacity 2972K, committed 3200K, reserved 1048576K

Card table byte_map: [0x000000010854d000,0x0000000108d4e000] byte_map_base: 0x0000000104f4d000

Marking Bits: (ParMarkBitMap*) 0x0000000107ae3ea0
 Begin Bits: [0x00000001092a4000, 0x000000010d2a4000)
 End Bits:   [0x000000010d2a4000, 0x00000001112a4000)

Polling page: 0x0000000106088000

CodeCache: size=245760Kb used=13449Kb max_used=13449Kb free=232310Kb
 bounds [0x0000000115103000, 0x0000000115e33000, 0x0000000124103000]
 total_blobs=4215 nmethods=3823 adapters=311
 compilation: enabled

Compilation events (10 events):
Event: 4.003 Thread 0x00007fa75c821000 3873       1       org.eclipse.sisu.inject.MildValues$Weak::key (5 bytes)
Event: 4.003 Thread 0x00007fa75c821000 nmethod 3873 0x0000000115e2f010 code [0x0000000115e2f160, 0x0000000115e2f270]
Event: 4.003 Thread 0x00007fa75c821000 3874       2       org.eclipse.sisu.inject.RankedSequence::removeThis (43 bytes)
Event: 4.004 Thread 0x00007fa75c821000 nmethod 3874 0x0000000115e2f2d0 code [0x0000000115e2f460, 0x0000000115e2f788]
Event: 4.004 Thread 0x00007fa75c821000 3875       2       java.util.concurrent.ConcurrentHashMap$ValueIterator::next (34 bytes)
Event: 4.004 Thread 0x00007fa75c821000 nmethod 3875 0x0000000115e2f9d0 code [0x0000000115e2fb60, 0x0000000115e2fdd8]
Event: 4.004 Thread 0x00007fa75c821000 3876       2       java.util.WeakHashMap::isEmpty (13 bytes)
Event: 4.004 Thread 0x00007fa75c821000 nmethod 3876 0x0000000115e2ff50 code [0x0000000115e300c0, 0x0000000115e30268]
Event: 4.005 Thread 0x00007fa75c821000 3877       1       java.util.logging.Logger::getName (5 bytes)
Event: 4.005 Thread 0x00007fa75c821000 nmethod 3877 0x0000000115e30310 code [0x0000000115e30460, 0x0000000115e30570]

GC Heap History (10 events):
Event: 2.161 GC heap before
{Heap before GC invocations=4 (full 0):
 PSYoungGen      total 76288K, used 72750K [0x000000076ab00000, 0x0000000774000000, 0x00000007c0000000)
  eden space 65536K, 100% used [0x000000076ab00000,0x000000076eb00000,0x000000076eb00000)
  from space 10752K, 67% used [0x000000076eb00000,0x000000076f20bac8,0x000000076f580000)
  to   space 10752K, 0% used [0x0000000773580000,0x0000000773580000,0x0000000774000000)
 ParOldGen       total 175104K, used 24K [0x00000006c0000000, 0x00000006cab00000, 0x000000076ab00000)
  object space 175104K, 0% used [0x00000006c0000000,0x00000006c0006000,0x00000006cab00000)
 Metaspace       used 15498K, capacity 15798K, committed 16000K, reserved 1062912K
  class space    used 1826K, capacity 1919K, committed 1920K, reserved 1048576K
Event: 2.173 GC heap after
Heap after GC invocations=4 (full 0):
 PSYoungGen      total 141824K, used 10339K [0x000000076ab00000, 0x0000000774000000, 0x00000007c0000000)
  eden space 131072K, 0% used [0x000000076ab00000,0x000000076ab00000,0x0000000772b00000)
  from space 10752K, 96% used [0x0000000773580000,0x0000000773f98da8,0x0000000774000000)
  to   space 10752K, 0% used [0x0000000772b00000,0x0000000772b00000,0x0000000773580000)
 ParOldGen       total 175104K, used 40K [0x00000006c0000000, 0x00000006cab00000, 0x000000076ab00000)
  object space 175104K, 0% used [0x00000006c0000000,0x00000006c000a000,0x00000006cab00000)
 Metaspace       used 15498K, capacity 15798K, committed 16000K, reserved 1062912K
  class space    used 1826K, capacity 1919K, committed 1920K, reserved 1048576K
}
Event: 3.044 GC heap before
{Heap before GC invocations=5 (full 0):
 PSYoungGen      total 141824K, used 138334K [0x000000076ab00000, 0x0000000774000000, 0x00000007c0000000)
  eden space 131072K, 97% used [0x000000076ab00000,0x00000007727fee00,0x0000000772b00000)
  from space 10752K, 96% used [0x0000000773580000,0x0000000773f98da8,0x0000000774000000)
  to   space 10752K, 0% used [0x0000000772b00000,0x0000000772b00000,0x0000000773580000)
 ParOldGen       total 175104K, used 40K [0x00000006c0000000, 0x00000006cab00000, 0x000000076ab00000)
  object space 175104K, 0% used [0x00000006c0000000,0x00000006c000a000,0x00000006cab00000)
 Metaspace       used 20670K, capacity 21162K, committed 21296K, reserved 1069056K
  class space    used 2486K, capacity 2623K, committed 2688K, reserved 1048576K
Event: 3.083 GC heap after
Heap after GC invocations=5 (full 0):
 PSYoungGen      total 141824K, used 10747K [0x000000076ab00000, 0x000000077d700000, 0x00000007c0000000)
  eden space 131072K, 0% used [0x000000076ab00000,0x000000076ab00000,0x0000000772b00000)
  from space 10752K, 99% used [0x0000000772b00000,0x000000077357efd8,0x0000000773580000)
  to   space 22528K, 0% used [0x000000077c100000,0x000000077c100000,0x000000077d700000)
 ParOldGen       total 175104K, used 13843K [0x00000006c0000000, 0x00000006cab00000, 0x000000076ab00000)
  object space 175104K, 7% used [0x00000006c0000000,0x00000006c0d84c30,0x00000006cab00000)
 Metaspace       used 20670K, capacity 21162K, committed 21296K, reserved 1069056K
  class space    used 2486K, capacity 2623K, committed 2688K, reserved 1048576K
}
Event: 3.083 GC heap before
{Heap before GC invocations=6 (full 1):
 PSYoungGen      total 141824K, used 10747K [0x000000076ab00000, 0x000000077d700000, 0x00000007c0000000)
  eden space 131072K, 0% used [0x000000076ab00000,0x000000076ab00000,0x0000000772b00000)
  from space 10752K, 99% used [0x0000000772b00000,0x000000077357efd8,0x0000000773580000)
  to   space 22528K, 0% used [0x000000077c100000,0x000000077c100000,0x000000077d700000)
 ParOldGen       total 175104K, used 13843K [0x00000006c0000000, 0x00000006cab00000, 0x000000076ab00000)
  object space 175104K, 7% used [0x00000006c0000000,0x00000006c0d84c30,0x00000006cab00000)
 Metaspace       used 20670K, capacity 21162K, committed 21296K, reserved 1069056K
  class space    used 2486K, capacity 2623K, committed 2688K, reserved 1048576K
Event: 3.220 GC heap after
Heap after GC invocations=6 (full 1):
 PSYoungGen      total 141824K, used 0K [0x000000076ab00000, 0x000000077d700000, 0x00000007c0000000)
  eden space 131072K, 0% used [0x000000076ab00000,0x000000076ab00000,0x0000000772b00000)
  from space 10752K, 0% used [0x0000000772b00000,0x0000000772b00000,0x0000000773580000)
  to   space 22528K, 0% used [0x000000077c100000,0x000000077c100000,0x000000077d700000)
 ParOldGen       total 142848K, used 24291K [0x00000006c0000000, 0x00000006c8b80000, 0x000000076ab00000)
  object space 142848K, 17% used [0x00000006c0000000,0x00000006c17b8f88,0x00000006c8b80000)
 Metaspace       used 20670K, capacity 21162K, committed 21296K, reserved 1069056K
  class space    used 2486K, capacity 2623K, committed 2688K, reserved 1048576K
}
Event: 3.865 GC heap before
{Heap before GC invocations=7 (full 1):
 PSYoungGen      total 141824K, used 88317K [0x000000076ab00000, 0x000000077d700000, 0x00000007c0000000)
  eden space 131072K, 67% used [0x000000076ab00000,0x000000077013f570,0x0000000772b00000)
  from space 10752K, 0% used [0x0000000772b00000,0x0000000772b00000,0x0000000773580000)
  to   space 22528K, 0% used [0x000000077c100000,0x000000077c100000,0x000000077d700000)
 ParOldGen       total 142848K, used 24291K [0x00000006c0000000, 0x00000006c8b80000, 0x000000076ab00000)
  object space 142848K, 17% used [0x00000006c0000000,0x00000006c17b8f88,0x00000006c8b80000)
 Metaspace       used 24183K, capacity 24898K, committed 25216K, reserved 1071104K
  class space    used 2929K, capacity 3112K, committed 3200K, reserved 1048576K
Event: 3.872 GC heap after
Heap after GC invocations=7 (full 1):
 PSYoungGen      total 182272K, used 5650K [0x000000076ab00000, 0x000000077c700000, 0x00000007c0000000)
  eden space 176128K, 0% used [0x000000076ab00000,0x000000076ab00000,0x0000000775700000)
  from space 6144K, 91% used [0x000000077c100000,0x000000077c684a30,0x000000077c700000)
  to   space 21504K, 0% used [0x0000000779d00000,0x0000000779d00000,0x000000077b200000)
 ParOldGen       total 142848K, used 24299K [0x00000006c0000000, 0x00000006c8b80000, 0x000000076ab00000)
  object space 142848K, 17% used [0x00000006c0000000,0x00000006c17baf88,0x00000006c8b80000)
 Metaspace       used 24183K, capacity 24898K, committed 25216K, reserved 1071104K
  class space    used 2929K, capacity 3112K, committed 3200K, reserved 1048576K
}
Event: 3.872 GC heap before
{Heap before GC invocations=8 (full 2):
 PSYoungGen      total 182272K, used 5650K [0x000000076ab00000, 0x000000077c700000, 0x00000007c0000000)
  eden space 176128K, 0% used [0x000000076ab00000,0x000000076ab00000,0x0000000775700000)
  from space 6144K, 91% used [0x000000077c100000,0x000000077c684a30,0x000000077c700000)
  to   space 21504K, 0% used [0x0000000779d00000,0x0000000779d00000,0x000000077b200000)
 ParOldGen       total 142848K, used 24299K [0x00000006c0000000, 0x00000006c8b80000, 0x000000076ab00000)
  object space 142848K, 17% used [0x00000006c0000000,0x00000006c17baf88,0x00000006c8b80000)
 Metaspace       used 24183K, capacity 24898K, committed 25216K, reserved 1071104K
  class space    used 2929K, capacity 3112K, committed 3200K, reserved 1048576K
Event: 3.997 GC heap after
Heap after GC invocations=8 (full 2):
 PSYoungGen      total 182272K, used 0K [0x000000076ab00000, 0x000000077c700000, 0x00000007c0000000)
  eden space 176128K, 0% used [0x000000076ab00000,0x000000076ab00000,0x0000000775700000)
  from space 6144K, 0% used [0x000000077c100000,0x000000077c100000,0x000000077c700000)
  to   space 21504K, 0% used [0x0000000779d00000,0x0000000779d00000,0x000000077b200000)
 ParOldGen       total 142848K, used 24799K [0x00000006c0000000, 0x00000006c8b80000, 0x000000076ab00000)
  object space 142848K, 17% used [0x00000006c0000000,0x00000006c1837cc8,0x00000006c8b80000)
 Metaspace       used 23332K, capacity 23958K, committed 25216K, reserved 1071104K
  class space    used 2807K, capacity 2972K, committed 3200K, reserved 1048576K
}

Deoptimization events (10 events):
Event: 3.860 Thread 0x00007fa75d802800 Uncommon trap: reason=unhandled action=none pc=0x0000000115bcbc9c method=java.net.URLClassLoader.findClass(Ljava/lang/String;)Ljava/lang/Class; @ 44
Event: 3.860 Thread 0x00007fa75d802800 Uncommon trap: reason=unhandled action=none pc=0x0000000115bcbc9c method=java.net.URLClassLoader.findClass(Ljava/lang/String;)Ljava/lang/Class; @ 44
Event: 3.862 Thread 0x00007fa75d802800 Uncommon trap: reason=unhandled action=none pc=0x0000000115bcbc9c method=java.net.URLClassLoader.findClass(Ljava/lang/String;)Ljava/lang/Class; @ 44
Event: 3.862 Thread 0x00007fa75d802800 Uncommon trap: reason=unhandled action=none pc=0x0000000115bcbc9c method=java.net.URLClassLoader.findClass(Ljava/lang/String;)Ljava/lang/Class; @ 44
Event: 3.862 Thread 0x00007fa75d802800 Uncommon trap: reason=unhandled action=none pc=0x0000000115bcbc9c method=java.net.URLClassLoader.findClass(Ljava/lang/String;)Ljava/lang/Class; @ 44
Event: 3.862 Thread 0x00007fa75d802800 Uncommon trap: reason=unhandled action=none pc=0x0000000115bcbc9c method=java.net.URLClassLoader.findClass(Ljava/lang/String;)Ljava/lang/Class; @ 44
Event: 3.864 Thread 0x00007fa75d802800 Uncommon trap: reason=unhandled action=none pc=0x0000000115bcbc9c method=java.net.URLClassLoader.findClass(Ljava/lang/String;)Ljava/lang/Class; @ 44
Event: 3.864 Thread 0x00007fa75d802800 Uncommon trap: reason=unhandled action=none pc=0x0000000115bcbc9c method=java.net.URLClassLoader.findClass(Ljava/lang/String;)Ljava/lang/Class; @ 44
Event: 3.998 Thread 0x00007fa75d802800 Uncommon trap: reason=unhandled action=none pc=0x0000000115bcbc9c method=java.net.URLClassLoader.findClass(Ljava/lang/String;)Ljava/lang/Class; @ 44
Event: 4.002 Thread 0x00007fa75d802800 Uncommon trap: reason=unhandled action=none pc=0x0000000115bcbc9c method=java.net.URLClassLoader.findClass(Ljava/lang/String;)Ljava/lang/Class; @ 44

Internal exceptions (10 events):
Event: 3.816 Thread 0x00007fa75d802800 Exception <a 'java/lang/ArrayIndexOutOfBoundsException': 85> (0x000000076fbd5318) thrown at [/HUDSON3/workspace/8-2-build-macosx-x86_64/jdk8u73/6086/hotspot/src/share/vm/interpreter/interpreterRuntime.cpp, line 366]
Event: 3.816 Thread 0x00007fa75d802800 Exception <a 'java/lang/ArrayIndexOutOfBoundsException': 112> (0x000000076fbd6ab8) thrown at [/HUDSON3/workspace/8-2-build-macosx-x86_64/jdk8u73/6086/hotspot/src/share/vm/interpreter/interpreterRuntime.cpp, line 366]
Event: 3.816 Thread 0x00007fa75d802800 Exception <a 'java/lang/ArrayIndexOutOfBoundsException': 100> (0x000000076fbd8870) thrown at [/HUDSON3/workspace/8-2-build-macosx-x86_64/jdk8u73/6086/hotspot/src/share/vm/interpreter/interpreterRuntime.cpp, line 366]
Event: 3.816 Thread 0x00007fa75d802800 Exception <a 'java/lang/ArrayIndexOutOfBoundsException': 86> (0x000000076fbd9eb8) thrown at [/HUDSON3/workspace/8-2-build-macosx-x86_64/jdk8u73/6086/hotspot/src/share/vm/interpreter/interpreterRuntime.cpp, line 366]
Event: 3.816 Thread 0x00007fa75d802800 Exception <a 'java/lang/ArrayIndexOutOfBoundsException': 111> (0x000000076fbdb630) thrown at [/HUDSON3/workspace/8-2-build-macosx-x86_64/jdk8u73/6086/hotspot/src/share/vm/interpreter/interpreterRuntime.cpp, line 366]
Event: 3.816 Thread 0x00007fa75d802800 Exception <a 'java/lang/ArrayIndexOutOfBoundsException': 113> (0x000000076fbdd370) thrown at [/HUDSON3/workspace/8-2-build-macosx-x86_64/jdk8u73/6086/hotspot/src/share/vm/interpreter/interpreterRuntime.cpp, line 366]
Event: 3.821 Thread 0x00007fa75d802800 Exception <a 'java/lang/ArrayIndexOutOfBoundsException': 37> (0x000000076fc44598) thrown at [/HUDSON3/workspace/8-2-build-macosx-x86_64/jdk8u73/6086/hotspot/src/share/vm/interpreter/interpreterRuntime.cpp, line 366]
Event: 3.821 Thread 0x00007fa75d802800 Exception <a 'java/lang/ArrayIndexOutOfBoundsException': 72> (0x000000076fc45b90) thrown at [/HUDSON3/workspace/8-2-build-macosx-x86_64/jdk8u73/6086/hotspot/src/share/vm/interpreter/interpreterRuntime.cpp, line 366]
Event: 3.821 Thread 0x00007fa75d802800 Exception <a 'java/lang/ArrayIndexOutOfBoundsException': 83> (0x000000076fc472c8) thrown at [/HUDSON3/workspace/8-2-build-macosx-x86_64/jdk8u73/6086/hotspot/src/share/vm/interpreter/interpreterRuntime.cpp, line 366]
Event: 3.821 Thread 0x00007fa75d802800 Exception <a 'java/lang/ArrayIndexOutOfBoundsException': 83> (0x000000076fc48ab8) thrown at [/HUDSON3/workspace/8-2-build-macosx-x86_64/jdk8u73/6086/hotspot/src/share/vm/interpreter/interpreterRuntime.cpp, line 366]

Events (10 events):
Event: 4.002 Thread 0x00007fa75d802800 DEOPT UNPACKING pc=0x000000011514a633 sp=0x00007000074134b8 mode 1
Event: 4.002 Thread 0x00007fa75d802800 DEOPT PACKING pc=0x0000000115c63734 sp=0x00007000074137d0
Event: 4.002 Thread 0x00007fa75d802800 DEOPT UNPACKING pc=0x000000011514a633 sp=0x0000700007413600 mode 1
Event: 4.002 Thread 0x00007fa75d802800 DEOPT PACKING pc=0x00000001153d60e1 sp=0x0000700007413830
Event: 4.002 Thread 0x00007fa75d802800 DEOPT UNPACKING pc=0x000000011514a633 sp=0x0000700007413590 mode 1
Event: 4.002 Thread 0x00007fa75d802800 DEOPT PACKING pc=0x0000000115b163d4 sp=0x0000700007413950
Event: 4.002 Thread 0x00007fa75d802800 DEOPT UNPACKING pc=0x000000011514a633 sp=0x0000700007413608 mode 1
Event: 4.004 Thread 0x00007fa761e33800 Thread added: 0x00007fa761e33800
Event: 4.005 Thread 0x00007fa761e33800 Thread exited: 0x00007fa761e33800
Event: 4.005 Executing VM operation: Exit


Dynamic libraries:
0x0000000000e84000 	/System/Library/Frameworks/Cocoa.framework/Versions/A/Cocoa
0x0000000000e84000 	/System/Library/Frameworks/Security.framework/Versions/A/Security
0x0000000000e84000 	/System/Library/Frameworks/ApplicationServices.framework/Versions/A/ApplicationServices
0x0000000000e84000 	/usr/lib/libz.1.dylib
0x0000000000e84000 	/usr/lib/libSystem.B.dylib
0x0000000000e84000 	/usr/lib/libobjc.A.dylib
0x0000000000e84000 	/System/Library/Frameworks/CoreFoundation.framework/Versions/A/CoreFoundation
0x0000000000e84000 	/System/Library/Frameworks/Foundation.framework/Versions/C/Foundation
0x0000000000e84000 	/System/Library/Frameworks/AppKit.framework/Versions/C/AppKit
0x0000000000e84000 	/System/Library/Frameworks/CoreData.framework/Versions/A/CoreData
0x0000000000e84000 	/System/Library/PrivateFrameworks/RemoteViewServices.framework/Versions/A/RemoteViewServices
0x0000000000e84000 	/System/Library/PrivateFrameworks/UIFoundation.framework/Versions/A/UIFoundation
0x0000000000e84000 	/System/Library/PrivateFrameworks/DFRFoundation.framework/Versions/A/DFRFoundation
0x0000000000e84000 	/usr/lib/libenergytrace.dylib
0x0000000000e84000 	/System/Library/PrivateFrameworks/SkyLight.framework/Versions/A/SkyLight
0x0000000000e84000 	/System/Library/Frameworks/CoreGraphics.framework/Versions/A/CoreGraphics
0x0000000000e84000 	/usr/lib/libScreenReader.dylib
0x0000000000e84000 	/System/Library/Frameworks/Accelerate.framework/Versions/A/Accelerate
0x0000000000e84000 	/System/Library/Frameworks/IOSurface.framework/Versions/A/IOSurface
0x0000000000e84000 	/System/Library/Frameworks/AudioToolbox.framework/Versions/A/AudioToolbox
0x0000000000e84000 	/System/Library/Frameworks/AudioUnit.framework/Versions/A/AudioUnit
0x0000000000e84000 	/System/Library/PrivateFrameworks/DataDetectorsCore.framework/Versions/A/DataDetectorsCore
0x0000000000e84000 	/System/Library/PrivateFrameworks/DesktopServicesPriv.framework/Versions/A/DesktopServicesPriv
0x0000000000e84000 	/System/Library/Frameworks/Carbon.framework/Versions/A/Frameworks/HIToolbox.framework/Versions/A/HIToolbox
0x0000000000e84000 	/usr/lib/libicucore.A.dylib
0x0000000000e84000 	/System/Library/Frameworks/QuartzCore.framework/Versions/A/QuartzCore
0x0000000000e84000 	/System/Library/Frameworks/Carbon.framework/Versions/A/Frameworks/SpeechRecognition.framework/Versions/A/SpeechRecognition
0x0000000000e84000 	/usr/lib/libauto.dylib
0x0000000000e84000 	/usr/lib/libxml2.2.dylib
0x0000000000e84000 	/System/Library/PrivateFrameworks/CoreUI.framework/Versions/A/CoreUI
0x0000000000e84000 	/System/Library/Frameworks/CoreAudio.framework/Versions/A/CoreAudio
0x0000000000e84000 	/System/Library/Frameworks/DiskArbitration.framework/Versions/A/DiskArbitration
0x0000000000e84000 	/usr/lib/liblangid.dylib
0x0000000000e84000 	/System/Library/PrivateFrameworks/MultitouchSupport.framework/Versions/A/MultitouchSupport
0x0000000000e84000 	/System/Library/Frameworks/IOKit.framework/Versions/A/IOKit
0x0000000000e84000 	/usr/lib/libDiagnosticMessagesClient.dylib
0x0000000000e84000 	/System/Library/Frameworks/CoreServices.framework/Versions/A/CoreServices
0x0000000000e84000 	/System/Library/PrivateFrameworks/PerformanceAnalysis.framework/Versions/A/PerformanceAnalysis
0x0000000000e84000 	/System/Library/PrivateFrameworks/GenerationalStorage.framework/Versions/A/GenerationalStorage
0x0000000000e84000 	/System/Library/Frameworks/OpenGL.framework/Versions/A/OpenGL
0x0000000000e84000 	/System/Library/Frameworks/CoreImage.framework/Versions/A/CoreImage
0x0000000000e84000 	/System/Library/Frameworks/CoreText.framework/Versions/A/CoreText
0x0000000000e84000 	/System/Library/Frameworks/ImageIO.framework/Versions/A/ImageIO
0x0000000000e84000 	/System/Library/PrivateFrameworks/Backup.framework/Versions/A/Backup
0x0000000000e84000 	/usr/lib/libarchive.2.dylib
0x0000000000e84000 	/System/Library/Frameworks/CFNetwork.framework/Versions/A/CFNetwork
0x0000000000e84000 	/System/Library/Frameworks/SystemConfiguration.framework/Versions/A/SystemConfiguration
0x0000000000e84000 	/usr/lib/libCRFSuite.dylib
0x0000000000e84000 	/usr/lib/libc++.1.dylib
0x0000000000e84000 	/usr/lib/libc++abi.dylib
0x0000000000e84000 	/usr/lib/system/libcache.dylib
0x0000000000e84000 	/usr/lib/system/libcommonCrypto.dylib
0x0000000000e84000 	/usr/lib/system/libcompiler_rt.dylib
0x0000000000e84000 	/usr/lib/system/libcopyfile.dylib
0x0000000000e84000 	/usr/lib/system/libcorecrypto.dylib
0x0000000000e84000 	/usr/lib/system/libdispatch.dylib
0x0000000000e84000 	/usr/lib/system/libdyld.dylib
0x0000000000e84000 	/usr/lib/system/libkeymgr.dylib
0x0000000000e84000 	/usr/lib/system/liblaunch.dylib
0x0000000000e84000 	/usr/lib/system/libmacho.dylib
0x0000000000e84000 	/usr/lib/system/libquarantine.dylib
0x0000000000e84000 	/usr/lib/system/libremovefile.dylib
0x0000000000e84000 	/usr/lib/system/libsystem_asl.dylib
0x0000000000e84000 	/usr/lib/system/libsystem_blocks.dylib
0x0000000000e84000 	/usr/lib/system/libsystem_c.dylib
0x0000000000e84000 	/usr/lib/system/libsystem_configuration.dylib
0x0000000000e84000 	/usr/lib/system/libsystem_coreservices.dylib
0x0000000000e84000 	/usr/lib/system/libsystem_coretls.dylib
0x0000000000e84000 	/usr/lib/system/libsystem_dnssd.dylib
0x0000000000e84000 	/usr/lib/system/libsystem_info.dylib
0x0000000000e84000 	/usr/lib/system/libsystem_kernel.dylib
0x0000000000e84000 	/usr/lib/system/libsystem_m.dylib
0x0000000000e84000 	/usr/lib/system/libsystem_malloc.dylib
0x0000000000e84000 	/usr/lib/system/libsystem_network.dylib
0x0000000000e84000 	/usr/lib/system/libsystem_networkextension.dylib
0x0000000000e84000 	/usr/lib/system/libsystem_notify.dylib
0x0000000000e84000 	/usr/lib/system/libsystem_platform.dylib
0x0000000000e84000 	/usr/lib/system/libsystem_pthread.dylib
0x0000000000e84000 	/usr/lib/system/libsystem_sandbox.dylib
0x0000000000e84000 	/usr/lib/system/libsystem_secinit.dylib
0x0000000000e84000 	/usr/lib/system/libsystem_symptoms.dylib
0x0000000000e84000 	/usr/lib/system/libsystem_trace.dylib
0x0000000000e84000 	/usr/lib/system/libunwind.dylib
0x0000000000e84000 	/usr/lib/system/libxpc.dylib
0x0000000000e84000 	/usr/lib/libbsm.0.dylib
0x0000000000e84000 	/usr/lib/system/libkxld.dylib
0x0000000000e84000 	/usr/lib/libcoretls.dylib
0x0000000000e84000 	/usr/lib/libcoretls_cfhelpers.dylib
0x0000000000e84000 	/usr/lib/libxar.1.dylib
0x0000000000e84000 	/usr/lib/libsqlite3.dylib
0x0000000000e84000 	/usr/lib/libpam.2.dylib
0x0000000000e84000 	/usr/lib/libOpenScriptingUtil.dylib
0x0000000000e84000 	/usr/lib/libbz2.1.0.dylib
0x0000000000e84000 	/usr/lib/liblzma.5.dylib
0x0000000000e84000 	/usr/lib/libnetwork.dylib
0x0000000000e84000 	/usr/lib/libpcap.A.dylib
0x0000000000e84000 	/System/Library/Frameworks/CoreServices.framework/Versions/A/Frameworks/FSEvents.framework/Versions/A/FSEvents
0x0000000000e84000 	/System/Library/Frameworks/CoreServices.framework/Versions/A/Frameworks/CarbonCore.framework/Versions/A/CarbonCore
0x0000000000e84000 	/System/Library/Frameworks/CoreServices.framework/Versions/A/Frameworks/Metadata.framework/Versions/A/Metadata
0x0000000000e84000 	/System/Library/Frameworks/CoreServices.framework/Versions/A/Frameworks/OSServices.framework/Versions/A/OSServices
0x0000000000e84000 	/System/Library/Frameworks/CoreServices.framework/Versions/A/Frameworks/SearchKit.framework/Versions/A/SearchKit
0x0000000000e84000 	/System/Library/Frameworks/CoreServices.framework/Versions/A/Frameworks/AE.framework/Versions/A/AE
0x0000000000e84000 	/System/Library/Frameworks/CoreServices.framework/Versions/A/Frameworks/LaunchServices.framework/Versions/A/LaunchServices
0x0000000000e84000 	/System/Library/Frameworks/CoreServices.framework/Versions/A/Frameworks/DictionaryServices.framework/Versions/A/DictionaryServices
0x0000000000e84000 	/System/Library/Frameworks/CoreServices.framework/Versions/A/Frameworks/SharedFileList.framework/Versions/A/SharedFileList
0x0000000000e84000 	/System/Library/Frameworks/NetFS.framework/Versions/A/NetFS
0x0000000000e84000 	/System/Library/PrivateFrameworks/NetAuth.framework/Versions/A/NetAuth
0x0000000000e84000 	/System/Library/PrivateFrameworks/login.framework/Versions/A/Frameworks/loginsupport.framework/Versions/A/loginsupport
0x0000000000e84000 	/System/Library/PrivateFrameworks/TCC.framework/Versions/A/TCC
0x0000000000e84000 	/usr/lib/libmecabra.dylib
0x0000000000e84000 	/System/Library/Frameworks/ApplicationServices.framework/Versions/A/Frameworks/ATS.framework/Versions/A/ATS
0x0000000000e84000 	/System/Library/Frameworks/ApplicationServices.framework/Versions/A/Frameworks/ColorSync.framework/Versions/A/ColorSync
0x0000000000e84000 	/System/Library/Frameworks/ApplicationServices.framework/Versions/A/Frameworks/HIServices.framework/Versions/A/HIServices
0x0000000000e84000 	/System/Library/Frameworks/ApplicationServices.framework/Versions/A/Frameworks/LangAnalysis.framework/Versions/A/LangAnalysis
0x0000000000e84000 	/System/Library/Frameworks/ApplicationServices.framework/Versions/A/Frameworks/PrintCore.framework/Versions/A/PrintCore
0x0000000000e84000 	/System/Library/Frameworks/ApplicationServices.framework/Versions/A/Frameworks/QD.framework/Versions/A/QD
0x0000000000e84000 	/System/Library/Frameworks/ApplicationServices.framework/Versions/A/Frameworks/SpeechSynthesis.framework/Versions/A/SpeechSynthesis
0x0000000000e84000 	/System/Library/Frameworks/Accelerate.framework/Versions/A/Frameworks/vImage.framework/Versions/A/vImage
0x0000000000e84000 	/System/Library/Frameworks/Accelerate.framework/Versions/A/Frameworks/vecLib.framework/Versions/A/vecLib
0x0000000000e84000 	/System/Library/Frameworks/Accelerate.framework/Versions/A/Frameworks/vecLib.framework/Versions/A/libvDSP.dylib
0x0000000000e84000 	/System/Library/Frameworks/Accelerate.framework/Versions/A/Frameworks/vecLib.framework/Versions/A/libBNNS.dylib
0x0000000000e84000 	/System/Library/Frameworks/Accelerate.framework/Versions/A/Frameworks/vecLib.framework/Versions/A/libQuadrature.dylib
0x0000000000e84000 	/System/Library/Frameworks/Accelerate.framework/Versions/A/Frameworks/vecLib.framework/Versions/A/libvMisc.dylib
0x0000000000e84000 	/System/Library/Frameworks/Accelerate.framework/Versions/A/Frameworks/vecLib.framework/Versions/A/libLAPACK.dylib
0x0000000000e84000 	/System/Library/Frameworks/Accelerate.framework/Versions/A/Frameworks/vecLib.framework/Versions/A/libBLAS.dylib
0x0000000000e84000 	/System/Library/Frameworks/Accelerate.framework/Versions/A/Frameworks/vecLib.framework/Versions/A/libLinearAlgebra.dylib
0x0000000000e84000 	/System/Library/Frameworks/Accelerate.framework/Versions/A/Frameworks/vecLib.framework/Versions/A/libSparseBLAS.dylib
0x0000000000e84000 	/System/Library/Frameworks/ApplicationServices.framework/Versions/A/Frameworks/ATS.framework/Versions/A/Resources/libFontParser.dylib
0x0000000000e84000 	/System/Library/Frameworks/ApplicationServices.framework/Versions/A/Frameworks/ATS.framework/Versions/A/Resources/libFontRegistry.dylib
0x0000000000e84000 	/System/Library/Frameworks/ImageIO.framework/Versions/A/Resources/libJPEG.dylib
0x0000000000e84000 	/System/Library/Frameworks/ImageIO.framework/Versions/A/Resources/libTIFF.dylib
0x0000000000e84000 	/System/Library/Frameworks/ImageIO.framework/Versions/A/Resources/libPng.dylib
0x0000000000e84000 	/System/Library/Frameworks/ImageIO.framework/Versions/A/Resources/libGIF.dylib
0x0000000000e84000 	/System/Library/Frameworks/ImageIO.framework/Versions/A/Resources/libJP2.dylib
0x0000000000e84000 	/System/Library/Frameworks/ImageIO.framework/Versions/A/Resources/libRadiance.dylib
0x0000000000e84000 	/usr/lib/libcompression.dylib
0x0000000000e84000 	/System/Library/PrivateFrameworks/AppleJPEG.framework/Versions/A/AppleJPEG
0x0000000000e84000 	/usr/lib/libcups.2.dylib
0x0000000000e84000 	/System/Library/Frameworks/Kerberos.framework/Versions/A/Kerberos
0x0000000000e84000 	/System/Library/Frameworks/GSS.framework/Versions/A/GSS
0x0000000000e84000 	/usr/lib/libresolv.9.dylib
0x0000000000e84000 	/usr/lib/libiconv.2.dylib
0x0000000000e84000 	/System/Library/PrivateFrameworks/Heimdal.framework/Versions/A/Heimdal
0x0000000000e84000 	/usr/lib/libheimdal-asn1.dylib
0x0000000000e84000 	/System/Library/Frameworks/OpenDirectory.framework/Versions/A/OpenDirectory
0x0000000000e84000 	/System/Library/PrivateFrameworks/CommonAuth.framework/Versions/A/CommonAuth
0x0000000000e84000 	/System/Library/Frameworks/OpenDirectory.framework/Versions/A/Frameworks/CFOpenDirectory.framework/Versions/A/CFOpenDirectory
0x0000000000e84000 	/System/Library/Frameworks/SecurityFoundation.framework/Versions/A/SecurityFoundation
0x0000000000e84000 	/System/Library/PrivateFrameworks/LanguageModeling.framework/Versions/A/LanguageModeling
0x0000000000e84000 	/usr/lib/libmarisa.dylib
0x0000000000e84000 	/usr/lib/libChineseTokenizer.dylib
0x0000000000e84000 	/usr/lib/libcmph.dylib
0x0000000000e84000 	/System/Library/PrivateFrameworks/CoreEmoji.framework/Versions/A/CoreEmoji
0x0000000000e84000 	/System/Library/Frameworks/ServiceManagement.framework/Versions/A/ServiceManagement
0x0000000000e84000 	/usr/lib/libxslt.1.dylib
0x0000000000e84000 	/System/Library/Frameworks/Carbon.framework/Versions/A/Frameworks/Ink.framework/Versions/A/Ink
0x0000000000e84000 	/System/Library/PrivateFrameworks/TextureIO.framework/Versions/A/TextureIO
0x0000000000e84000 	/System/Library/Frameworks/Metal.framework/Versions/A/Metal
0x0000000000e84000 	/usr/lib/libate.dylib
0x0000000000e84000 	/System/Library/PrivateFrameworks/GPUCompiler.framework/libmetal_timestamp.dylib
0x0000000000e84000 	/System/Library/Frameworks/OpenGL.framework/Versions/A/Libraries/libCoreFSCache.dylib
0x0000000000e84000 	/System/Library/PrivateFrameworks/IOAccelerator.framework/Versions/A/IOAccelerator
0x0000000000e84000 	/System/Library/Frameworks/CoreVideo.framework/Versions/A/CoreVideo
0x0000000000e84000 	/usr/lib/libFosl_dynamic.dylib
0x0000000000e84000 	/System/Library/PrivateFrameworks/MetalPerformanceShaders.framework/Versions/A/MetalPerformanceShaders
0x0000000000e84000 	/System/Library/PrivateFrameworks/FaceCore.framework/Versions/A/FaceCore
0x0000000000e84000 	/System/Library/Frameworks/OpenCL.framework/Versions/A/OpenCL
0x0000000000e84000 	/System/Library/Frameworks/OpenGL.framework/Versions/A/Libraries/libGLU.dylib
0x0000000000e84000 	/System/Library/Frameworks/OpenGL.framework/Versions/A/Libraries/libGFXShared.dylib
0x0000000000e84000 	/System/Library/Frameworks/OpenGL.framework/Versions/A/Libraries/libGL.dylib
0x0000000000e84000 	/System/Library/Frameworks/OpenGL.framework/Versions/A/Libraries/libGLImage.dylib
0x0000000000e84000 	/System/Library/Frameworks/OpenGL.framework/Versions/A/Libraries/libCVMSPluginSupport.dylib
0x0000000000e84000 	/System/Library/Frameworks/OpenGL.framework/Versions/A/Libraries/libCoreVMClient.dylib
0x0000000000e84000 	/System/Library/PrivateFrameworks/CrashReporterSupport.framework/Versions/A/CrashReporterSupport
0x0000000000e84000 	/System/Library/PrivateFrameworks/Sharing.framework/Versions/A/Sharing
0x0000000000e84000 	/System/Library/PrivateFrameworks/IconServices.framework/Versions/A/IconServices
0x0000000000e84000 	/System/Library/PrivateFrameworks/ProtocolBuffer.framework/Versions/A/ProtocolBuffer
0x0000000000e84000 	/System/Library/PrivateFrameworks/Apple80211.framework/Versions/A/Apple80211
0x0000000000e84000 	/System/Library/Frameworks/CoreWLAN.framework/Versions/A/CoreWLAN
0x0000000000e84000 	/System/Library/PrivateFrameworks/CoreUtils.framework/Versions/A/CoreUtils
0x0000000000e84000 	/System/Library/Frameworks/IOBluetooth.framework/Versions/A/IOBluetooth
0x0000000000e84000 	/System/Library/PrivateFrameworks/CoreWiFi.framework/Versions/A/CoreWiFi
0x0000000000e84000 	/System/Library/Frameworks/CoreBluetooth.framework/Versions/A/CoreBluetooth
0x0000000000e84000 	/System/Library/Frameworks/CoreDisplay.framework/Versions/A/CoreDisplay
0x0000000000e84000 	/System/Library/PrivateFrameworks/IOPresentment.framework/Versions/A/IOPresentment
0x0000000000e84000 	/System/Library/PrivateFrameworks/DebugSymbols.framework/Versions/A/DebugSymbols
0x0000000000e84000 	/System/Library/PrivateFrameworks/CoreSymbolication.framework/Versions/A/CoreSymbolication
0x0000000000e84000 	/System/Library/PrivateFrameworks/Symbolication.framework/Versions/A/Symbolication
0x0000000000e84000 	/System/Library/PrivateFrameworks/AppleFSCompression.framework/Versions/A/AppleFSCompression
0x0000000000e84000 	/System/Library/PrivateFrameworks/SpeechRecognitionCore.framework/Versions/A/SpeechRecognitionCore
0x0000000000e84000 	/System/Library/PrivateFrameworks/ChunkingLibrary.framework/Versions/A/ChunkingLibrary
0x0000000106001000 	/System/Library/CoreServices/Encodings/libSimplifiedChineseConverter.dylib
0x0000000107200000 	/Library/Java/JavaVirtualMachines/jdk1.8.0_73.jdk/Contents/Home/jre/lib/server/libjvm.dylib
0x0000000000e84000 	/usr/lib/libstdc++.6.dylib
0x0000000106045000 	/Library/Java/JavaVirtualMachines/jdk1.8.0_73.jdk/Contents/Home/jre/lib/libverify.dylib
0x0000000106053000 	/Library/Java/JavaVirtualMachines/jdk1.8.0_73.jdk/Contents/Home/jre/lib/libjava.dylib
0x0000000106089000 	/Library/Java/JavaVirtualMachines/jdk1.8.0_73.jdk/Contents/Home/jre/lib/libjdwp.dylib
0x00000001060d4000 	/Library/Java/JavaVirtualMachines/jdk1.8.0_73.jdk/Contents/Home/jre/lib/libnpt.dylib
0x00000001060d8000 	/Library/Java/JavaVirtualMachines/jdk1.8.0_73.jdk/Contents/Home/jre/lib/libinstrument.dylib
0x0000000106136000 	/Library/Java/JavaVirtualMachines/jdk1.8.0_73.jdk/Contents/Home/jre/lib/libzip.dylib
0x000000011416f000 	/System/Library/Frameworks/JavaVM.framework/Frameworks/JavaRuntimeSupport.framework/JavaRuntimeSupport
0x00000001061ea000 	/System/Library/Frameworks/JavaVM.framework/Versions/A/Frameworks/JavaNativeFoundation.framework/Versions/A/JavaNativeFoundation
0x0000000114189000 	/System/Library/Frameworks/JavaVM.framework/Versions/A/JavaVM
0x0000000000e84000 	/System/Library/Frameworks/Carbon.framework/Versions/A/Carbon
0x0000000114196000 	/System/Library/PrivateFrameworks/JavaLaunching.framework/Versions/A/JavaLaunching
0x0000000000e84000 	/System/Library/Frameworks/Carbon.framework/Versions/A/Frameworks/CommonPanels.framework/Versions/A/CommonPanels
0x0000000000e84000 	/System/Library/Frameworks/Carbon.framework/Versions/A/Frameworks/Help.framework/Versions/A/Help
0x0000000000e84000 	/System/Library/Frameworks/Carbon.framework/Versions/A/Frameworks/ImageCapture.framework/Versions/A/ImageCapture
0x0000000000e84000 	/System/Library/Frameworks/Carbon.framework/Versions/A/Frameworks/OpenScripting.framework/Versions/A/OpenScripting
0x0000000000e84000 	/System/Library/Frameworks/Carbon.framework/Versions/A/Frameworks/Print.framework/Versions/A/Print
0x0000000000e84000 	/System/Library/Frameworks/Carbon.framework/Versions/A/Frameworks/SecurityHI.framework/Versions/A/SecurityHI
0x00000001141ea000 	/Library/Java/JavaVirtualMachines/jdk1.8.0_73.jdk/Contents/Home/jre/lib/libdt_socket.dylib
0x0000000114285000 	/Library/Java/JavaVirtualMachines/jdk1.8.0_73.jdk/Contents/Home/jre/lib/libnet.dylib
0x000000011431b000 	/Library/Java/JavaVirtualMachines/jdk1.8.0_73.jdk/Contents/Home/jre/lib/libnio.dylib

VM Arguments:
jvm_args: -agentlib:jdwp=transport=dt_socket,suspend=y,address=localhost:56274 -Dmaven.home=EMBEDDED -Dclassworlds.conf=/Users/yangkai/Documents/workspace/.metadata/.plugins/org.eclipse.m2e.launching/launches/m2conf2123809049174719699.tmp -Dmaven.multiModuleProjectDirectory=/Users/yangkai/Develop/github/training/hujiang-framework-1.0 -javaagent:/Users/yangkai/.p2/pool/plugins/com.ifedorenko.m2e.sourcelookup_1.1.0.201506181114/com.ifedorenko.m2e.sourcelookup.javaagent.jar -Dfile.encoding=UTF-8 
java_command: org.codehaus.plexus.classworlds.launcher.Launcher -B -U -Dmaven.test.skip=true -DskipTests clean install
java_class_path (initial): /Users/yangkai/eclipse/jee-neon/Eclipse.app/Contents/Eclipse/../../../../../.p2/pool/plugins/org.eclipse.m2e.maven.runtime_1.7.0.20160603-1931/jars/plexus-classworlds-2.5.2.jar:/Users/yangkai/.p2/pool/plugins/com.ifedorenko.m2e.sourcelookup_1.1.0.201506181114/com.ifedorenko.m2e.sourcelookup.javaagent.jar
Launcher Type: SUN_STANDARD

Environment Variables:
PATH=/usr/bin:/bin:/usr/sbin:/sbin
SHELL=/bin/zsh

Signal Handlers:
SIGSEGV: [libjvm.dylib+0x5a71a5], sa_mask[0]=11111111011111110111111111111111, sa_flags=SA_ONSTACK|SA_RESTART|SA_SIGINFO
SIGBUS: [libjvm.dylib+0x5a71a5], sa_mask[0]=11111111011111110111111111111111, sa_flags=SA_RESTART|SA_SIGINFO
SIGFPE: [libjvm.dylib+0x480eb4], sa_mask[0]=11111111011111110111111111111111, sa_flags=SA_RESTART|SA_SIGINFO
SIGPIPE: [libjvm.dylib+0x480eb4], sa_mask[0]=11111111011111110111111111111111, sa_flags=SA_RESTART|SA_SIGINFO
SIGXFSZ: [libjvm.dylib+0x480eb4], sa_mask[0]=11111111011111110111111111111111, sa_flags=SA_RESTART|SA_SIGINFO
SIGILL: [libjvm.dylib+0x480eb4], sa_mask[0]=11111111011111110111111111111111, sa_flags=SA_RESTART|SA_SIGINFO
SIGUSR1: SIG_DFL, sa_mask[0]=00000000000000000000000000000000, sa_flags=none
SIGUSR2: [libjvm.dylib+0x4809d2], sa_mask[0]=00100000000000000000000000000000, sa_flags=SA_RESTART|SA_SIGINFO
SIGHUP: [libjvm.dylib+0x47efa9], sa_mask[0]=11111111011111110111111111111111, sa_flags=SA_RESTART|SA_SIGINFO
SIGINT: [libjvm.dylib+0x47efa9], sa_mask[0]=11111111011111110111111111111111, sa_flags=SA_RESTART|SA_SIGINFO
SIGTERM: [libjvm.dylib+0x47efa9], sa_mask[0]=11111111011111110111111111111111, sa_flags=SA_RESTART|SA_SIGINFO
SIGQUIT: [libjvm.dylib+0x47efa9], sa_mask[0]=11111111011111110111111111111111, sa_flags=SA_RESTART|SA_SIGINFO


---------------  S Y S T E M  ---------------

OS:Bsduname:Darwin 16.4.0 Darwin Kernel Version 16.4.0: Thu Dec 22 22:53:21 PST 2016; root:xnu-3789.41.3~3/RELEASE_X86_64 x86_64
rlimit: STACK 8192k, CORE 0k, NPROC 709, NOFILE 10240, AS infinity
load average:2.47 2.29 2.27

CPU:total 8 (4 cores per cpu, 2 threads per core) family 6 model 70 stepping 1, cmov, cx8, fxsr, mmx, sse, sse2, sse3, ssse3, sse4.1, sse4.2, popcnt, avx, avx2, aes, clmul, erms, lzcnt, ht, tsc, tscinvbit, bmi1, bmi2

Memory: 4k page, physical 16777216k(269936k free)

/proc/meminfo:


vm_info: Java HotSpot(TM) 64-Bit Server VM (25.73-b02) for bsd-amd64 JRE (1.8.0_73-b02), built on Jan 29 2016 15:02:00 by "java_re" with gcc 4.2.1 (Based on Apple Inc. build 5658) (LLVM build 2336.11.00)

time: Wed May  3 20:22:16 2017
elapsed time: 4 seconds (0d 0h 0m 4s)

