#
# A fatal error has been detected by the Java Runtime Environment:
#
#  SIGSEGV (0xb) at pc=0x00000001060f2d68, pid=6664, tid=20227
#
# JRE version: Java(TM) SE Runtime Environment (8.0_73-b02) (build 1.8.0_73-b02)
# Java VM: Java HotSpot(TM) 64-Bit Server VM (25.73-b02 mixed mode bsd-amd64 compressed oops)
# Problematic frame:
# C  [libjdwp.dylib+0x21d68]  jvmtiAllocate+0x1d
#
# Failed to write core dump. Core dumps have been disabled. To enable core dumping, try "ulimit -c unlimited" before starting Java again
#
# If you would like to submit a bug report, please visit:
#   http://bugreport.java.com/bugreport/crash.jsp
# The crash happened outside the Java Virtual Machine in native code.
# See problematic frame for where to report the bug.
#

---------------  T H R E A D  ---------------

Current thread (0x00007fc7c6803800):  JavaThread "JDWP Command Reader" daemon [_thread_in_native, id=20227, stack(0x000070000eb95000,0x000070000ec95000)]

siginfo: si_signo: 11 (SIGSEGV), si_code: 1 (SEGV_MAPERR), si_addr: 0x0000000000000000

Registers:
RAX=0x0000000000000000, RBX=0x0000000124b7b38a, RCX=0x0000000000000009, RDX=0x000070000ec94b49
RSP=0x000070000ec94b00, RBP=0x000070000ec94b30, RSI=0x000000000000f000, RDI=0x0000000000000022
R8 =0x000070000ec94b49, R9 =0x0000000000000000, R10=0x000000000000002e, R11=0x00007fffb56cbb46
R12=0x00000001060f8e7a, R13=0x00007fc7c3cf6330, R14=0x000000000000000a, R15=0x00000001060f7891
RIP=0x00000001060f2d68, EFLAGS=0x0000000000010206, ERR=0x0000000000000004
  TRAPNO=0x000000000000000e

Top of Stack: (sp=0x000070000ec94b00)
0x000070000ec94b00:   0000000000000004 ffffffffffffffe7
0x000070000ec94b10:   0000000000000000 0000000000000107
0x000070000ec94b20:   0000000124b7b38a 000000000000000a
0x000070000ec94b30:   000070000ec94c60 0000000124b7a792
0x000070000ec94b40:   0000000000000000 6c69662064614268
0x000070000ec94b50:   6972637365642065 00000000726f7470
0x000070000ec94b60:   0000000000000000 0000000000000000
0x000070000ec94b70:   0000000000000000 0000000000000000
0x000070000ec94b80:   0000000000000000 0000000000000000
0x000070000ec94b90:   0000000000000000 0000000000000000
0x000070000ec94ba0:   0000000000000000 0000000000000000
0x000070000ec94bb0:   0000000000000000 0000000000000000
0x000070000ec94bc0:   0000000000000000 0000000000000000
0x000070000ec94bd0:   0000000000000000 0000000000000000
0x000070000ec94be0:   0000000000000000 0000000000000000
0x000070000ec94bf0:   0000000000000000 0000000000000000
0x000070000ec94c00:   0000000000000000 0000000000000000
0x000070000ec94c10:   0000000000000000 0000000000000000
0x000070000ec94c20:   0000000000000000 0000000000000000
0x000070000ec94c30:   0000000000000000 0000000000000000
0x000070000ec94c40:   0000000000000000 8b74ed709f95005c
0x000070000ec94c50:   000070000ec94ce0 00000001060f8e95
0x000070000ec94c60:   000070000ec94c90 0000000124b7a2ff
0x000070000ec94c70:   000070000ec94cb0 00000001060f3a19
0x000070000ec94c80:   000070000ec94ce0 00000001060f8e95
0x000070000ec94c90:   000070000ec94cb0 00000001060efb71
0x000070000ec94ca0:   00000001060f8e6e 00000001060f8e95
0x000070000ec94cb0:   000070000ec94d20 00000001060df9c9
0x000070000ec94cc0:   0000000000000019 000070000ec94d00
0x000070000ec94cd0:   0000000000095401 0000000000004f03
0x000070000ec94ce0:   000001c100000042 0000000000020100
0x000070000ec94cf0:   00007fc7c3cf4c30 00007fc7c6803800 

Instructions: (pc=0x00000001060f2d68)
0x00000001060f2d48:   5e 5d c3 55 48 89 e5 41 56 53 48 83 ec 20 85 ff
0x00000001060f2d58:   0f 84 85 00 00 00 48 8b 05 33 18 01 00 48 8b 00
0x00000001060f2d68:   48 8b 08 48 63 f7 48 8d 55 e8 48 89 c7 ff 91 68
0x00000001060f2d78:   01 00 00 85 c0 74 5e 89 c3 89 df e8 66 ce fe ff 

Register to memory mapping:

RAX=0x0000000000000000 is an unknown value
RBX=0x0000000124b7b38a: dbgsysConnect+0x2fe in /Library/Java/JavaVirtualMachines/jdk1.8.0_73.jdk/Contents/Home/jre/lib/libdt_socket.dylib at 0x0000000124b79000
RCX=0x0000000000000009 is an unknown value
RDX=0x000070000ec94b49 is pointing into the stack for thread: 0x00007fc7c6803800
RSP=0x000070000ec94b00 is pointing into the stack for thread: 0x00007fc7c6803800
RBP=0x000070000ec94b30 is pointing into the stack for thread: 0x00007fc7c6803800
RSI=0x000000000000f000 is an unknown value
RDI=0x0000000000000022 is an unknown value
R8 =0x000070000ec94b49 is pointing into the stack for thread: 0x00007fc7c6803800
R9 =0x0000000000000000 is an unknown value
R10=0x000000000000002e is an unknown value
R11=0x00007fffb56cbb46: pthread_getspecific+0 in /usr/lib/system/libsystem_pthread.dylib at 0x00007fffb56ca000
R12=0x00000001060f8e7a: util_initialize+0x25dd in /Library/Java/JavaVirtualMachines/jdk1.8.0_73.jdk/Contents/Home/jre/lib/libjdwp.dylib at 0x00000001060d1000
R13=0x00007fc7c3cf6330 is an unknown value
R14=0x000000000000000a is an unknown value
R15=0x00000001060f7891: util_initialize+0xff4 in /Library/Java/JavaVirtualMachines/jdk1.8.0_73.jdk/Contents/Home/jre/lib/libjdwp.dylib at 0x00000001060d1000


Stack: [0x000070000eb95000,0x000070000ec95000],  sp=0x000070000ec94b00,  free space=1022k
Native frames: (J=compiled Java code, j=interpreted, Vv=VM code, C=native code)
C  [libjdwp.dylib+0x21d68]  jvmtiAllocate+0x1d
C  [libdt_socket.dylib+0x1792]  setLastError+0x87
C  [libdt_socket.dylib+0x12ff]  socketTransport_readPacket+0x67
C  [libjdwp.dylib+0x1eb71]  transport_receivePacket+0x1a
C  [libjdwp.dylib+0xe9c9]  reader+0x72
V  [libjvm.dylib+0x397138]
V  [libjvm.dylib+0x561753]
V  [libjvm.dylib+0x562e4e]
V  [libjvm.dylib+0x4838a2]
C  [libsystem_pthread.dylib+0x3aab]  _pthread_body+0xb4
C  [libsystem_pthread.dylib+0x39f7]  _pthread_body+0x0
C  [libsystem_pthread.dylib+0x31fd]  thread_start+0xd
C  0x0000000000000000


---------------  P R O C E S S  ---------------

Java Threads: ( => current thread )
  0x00007fc7cbf08800 JavaThread "Okio Watchdog" daemon [_thread_blocked, id=25859, stack(0x000070000f6b6000,0x000070000f7b6000)]
  0x00007fc7c5052800 JavaThread "Service Thread" daemon [_thread_blocked, id=22787, stack(0x000070000f0a4000,0x000070000f1a4000)]
  0x00007fc7c486e000 JavaThread "C1 CompilerThread3" daemon [_thread_blocked, id=22275, stack(0x000070000efa1000,0x000070000f0a1000)]
  0x00007fc7c5051800 JavaThread "C2 CompilerThread2" daemon [_thread_blocked, id=21763, stack(0x000070000ee9e000,0x000070000ef9e000)]
  0x00007fc7c6816000 JavaThread "C2 CompilerThread1" daemon [_thread_blocked, id=21251, stack(0x000070000ed9b000,0x000070000ee9b000)]
  0x00007fc7c6815000 JavaThread "C2 CompilerThread0" daemon [_thread_blocked, id=20739, stack(0x000070000ec98000,0x000070000ed98000)]
=>0x00007fc7c6803800 JavaThread "JDWP Command Reader" daemon [_thread_in_native, id=20227, stack(0x000070000eb95000,0x000070000ec95000)]
  0x00007fc7c486d000 JavaThread "JDWP Event Helper Thread" daemon [_thread_blocked, id=19715, stack(0x000070000ea92000,0x000070000eb92000)]
  0x00007fc7c4837800 JavaThread "JDWP Transport Listener: dt_socket" daemon [_thread_blocked, id=19203, stack(0x000070000e98f000,0x000070000ea8f000)]
  0x00007fc7c5049000 JavaThread "Signal Dispatcher" daemon [_thread_blocked, id=18691, stack(0x000070000e88c000,0x000070000e98c000)]
  0x00007fc7c6803000 JavaThread "Finalizer" daemon [_thread_blocked, id=14595, stack(0x000070000e789000,0x000070000e889000)]
  0x00007fc7c6802000 JavaThread "Reference Handler" daemon [_thread_blocked, id=14083, stack(0x000070000e686000,0x000070000e786000)]
  0x00007fc7c5001800 JavaThread "main" [_thread_blocked, id=7171, stack(0x000070000dc68000,0x000070000dd68000)]

Other Threads:
  0x00007fc7c600b800 VMThread [stack: 0x000070000e583000,0x000070000e683000] [id=13571]

VM state:at safepoint (normal execution)

VM Mutex/Monitor currently owned by a thread:  ([mutex/lock_event])
[0x00007fc7c3e04e50] Threads_lock - owner thread: 0x00007fc7c600b800

Heap:
 PSYoungGen      total 245760K, used 5726K [0x000000076ab00000, 0x000000077b980000, 0x00000007c0000000)
  eden space 230400K, 2% used [0x000000076ab00000,0x000000076b097998,0x0000000778c00000)
  from space 15360K, 0% used [0x000000077a200000,0x000000077a200000,0x000000077b100000)
  to   space 8704K, 0% used [0x000000077b100000,0x000000077b100000,0x000000077b980000)
 ParOldGen       total 99328K, used 31805K [0x00000006c0000000, 0x00000006c6100000, 0x000000076ab00000)
  object space 99328K, 32% used [0x00000006c0000000,0x00000006c1f0f740,0x00000006c6100000)
 Metaspace       used 28801K, capacity 29588K, committed 30976K, reserved 1077248K
  class space    used 3348K, capacity 3585K, committed 3840K, reserved 1048576K

Card table byte_map: [0x000000010854d000,0x0000000108d4e000] byte_map_base: 0x0000000104f4d000

Marking Bits: (ParMarkBitMap*) 0x0000000107ae3ea0
 Begin Bits: [0x00000001092a4000, 0x000000010d2a4000)
 End Bits:   [0x000000010d2a4000, 0x00000001112a4000)

Polling page: 0x00000001060d0000

CodeCache: size=245760Kb used=16553Kb max_used=16587Kb free=229206Kb
 bounds [0x0000000111e8e000, 0x0000000112ede000, 0x0000000120e8e000]
 total_blobs=5166 nmethods=4749 adapters=335
 compilation: enabled

Compilation events (10 events):
Event: 6.149 Thread 0x00007fc7c486e000 nmethod 5413 0x00000001120e9e10 code [0x00000001120ea020, 0x00000001120eacb8]
Event: 6.149 Thread 0x00007fc7c486e000 5414       3       java.util.concurrent.ConcurrentHashMap$BaseIterator::hasNext (13 bytes)
Event: 6.149 Thread 0x00007fc7c486e000 nmethod 5414 0x00000001121d2e90 code [0x00000001121d3000, 0x00000001121d31b0]
Event: 6.149 Thread 0x00007fc7c486e000 5412       3       java.util.concurrent.ConcurrentHashMap$ValueIterator::next (34 bytes)
Event: 6.149 Thread 0x00007fc7c486e000 nmethod 5412 0x00000001121d2850 code [0x00000001121d29e0, 0x00000001121d2d38]
Event: 6.151 Thread 0x00007fc7c6815000 nmethod 5316 0x0000000112ecbf50 code [0x0000000112ecc420, 0x0000000112ed0be0]
Event: 6.152 Thread 0x00007fc7c6815000 5369       4       sun.reflect.generics.parser.SignatureParser::parseIdentifier (115 bytes)
Event: 6.153 Thread 0x00007fc7c486e000 5415       3       org.eclipse.sisu.inject.MildValues$ValueItr::next (27 bytes)
Event: 6.154 Thread 0x00007fc7c486e000 nmethod 5415 0x000000011216a9d0 code [0x000000011216ab60, 0x000000011216ae98]
Event: 6.154 Thread 0x00007fc7c486e000 5416   !   3       java.util.concurrent.ConcurrentHashMap::replaceNode (416 bytes)

GC Heap History (10 events):
Event: 4.197 GC heap before
{Heap before GC invocations=7 (full 0):
 PSYoungGen      total 145920K, used 28728K [0x000000076ab00000, 0x0000000775000000, 0x00000007c0000000)
  eden space 129024K, 11% used [0x000000076ab00000,0x000000076b9156d0,0x0000000772900000)
  from space 16896K, 84% used [0x0000000773b80000,0x0000000774978948,0x0000000774c00000)
  to   space 18944K, 0% used [0x0000000772900000,0x0000000772900000,0x0000000773b80000)
 ParOldGen       total 175104K, used 5660K [0x00000006c0000000, 0x00000006cab00000, 0x000000076ab00000)
  object space 175104K, 3% used [0x00000006c0000000,0x00000006c0587090,0x00000006cab00000)
 Metaspace       used 20726K, capacity 21184K, committed 21248K, reserved 1069056K
  class space    used 2376K, capacity 2532K, committed 2560K, reserved 1048576K
Event: 4.211 GC heap after
Heap after GC invocations=7 (full 0):
 PSYoungGen      total 147968K, used 11930K [0x000000076ab00000, 0x000000077cb00000, 0x00000007c0000000)
  eden space 129024K, 0% used [0x000000076ab00000,0x000000076ab00000,0x0000000772900000)
  from space 18944K, 62% used [0x0000000772900000,0x00000007734a6970,0x0000000773b80000)
  to   space 18432K, 0% used [0x000000077b900000,0x000000077b900000,0x000000077cb00000)
 ParOldGen       total 175104K, used 7604K [0x00000006c0000000, 0x00000006cab00000, 0x000000076ab00000)
  object space 175104K, 4% used [0x00000006c0000000,0x00000006c076d0e0,0x00000006cab00000)
 Metaspace       used 20726K, capacity 21184K, committed 21248K, reserved 1069056K
  class space    used 2376K, capacity 2532K, committed 2560K, reserved 1048576K
}
Event: 4.211 GC heap before
{Heap before GC invocations=8 (full 1):
 PSYoungGen      total 147968K, used 11930K [0x000000076ab00000, 0x000000077cb00000, 0x00000007c0000000)
  eden space 129024K, 0% used [0x000000076ab00000,0x000000076ab00000,0x0000000772900000)
  from space 18944K, 62% used [0x0000000772900000,0x00000007734a6970,0x0000000773b80000)
  to   space 18432K, 0% used [0x000000077b900000,0x000000077b900000,0x000000077cb00000)
 ParOldGen       total 175104K, used 7604K [0x00000006c0000000, 0x00000006cab00000, 0x000000076ab00000)
  object space 175104K, 4% used [0x00000006c0000000,0x00000006c076d0e0,0x00000006cab00000)
 Metaspace       used 20726K, capacity 21184K, committed 21248K, reserved 1069056K
  class space    used 2376K, capacity 2532K, committed 2560K, reserved 1048576K
Event: 4.275 GC heap after
Heap after GC invocations=8 (full 1):
 PSYoungGen      total 147968K, used 0K [0x000000076ab00000, 0x000000077cb00000, 0x00000007c0000000)
  eden space 129024K, 0% used [0x000000076ab00000,0x000000076ab00000,0x0000000772900000)
  from space 18944K, 0% used [0x0000000772900000,0x0000000772900000,0x0000000773b80000)
  to   space 18432K, 0% used [0x000000077b900000,0x000000077b900000,0x000000077cb00000)
 ParOldGen       total 99328K, used 17668K [0x00000006c0000000, 0x00000006c6100000, 0x000000076ab00000)
  object space 99328K, 17% used [0x00000006c0000000,0x00000006c1141188,0x00000006c6100000)
 Metaspace       used 20726K, capacity 21184K, committed 21248K, reserved 1069056K
  class space    used 2376K, capacity 2532K, committed 2560K, reserved 1048576K
}
Event: 5.065 GC heap before
{Heap before GC invocations=9 (full 1):
 PSYoungGen      total 147968K, used 129024K [0x000000076ab00000, 0x000000077cb00000, 0x00000007c0000000)
  eden space 129024K, 100% used [0x000000076ab00000,0x0000000772900000,0x0000000772900000)
  from space 18944K, 0% used [0x0000000772900000,0x0000000772900000,0x0000000773b80000)
  to   space 18432K, 0% used [0x000000077b900000,0x000000077b900000,0x000000077cb00000)
 ParOldGen       total 99328K, used 17668K [0x00000006c0000000, 0x00000006c6100000, 0x000000076ab00000)
  object space 99328K, 17% used [0x00000006c0000000,0x00000006c1141188,0x00000006c6100000)
 Metaspace       used 26709K, capacity 27354K, committed 27520K, reserved 1073152K
  class space    used 3117K, capacity 3329K, committed 3456K, reserved 1048576K
Event: 5.078 GC heap after
Heap after GC invocations=9 (full 1):
 PSYoungGen      total 246784K, used 15879K [0x000000076ab00000, 0x000000077c900000, 0x00000007c0000000)
  eden space 230400K, 0% used [0x000000076ab00000,0x000000076ab00000,0x0000000778c00000)
  from space 16384K, 96% used [0x000000077b900000,0x000000077c881c28,0x000000077c900000)
  to   space 19968K, 0% used [0x000000077a200000,0x000000077a200000,0x000000077b580000)
 ParOldGen       total 99328K, used 17676K [0x00000006c0000000, 0x00000006c6100000, 0x000000076ab00000)
  object space 99328K, 17% used [0x00000006c0000000,0x00000006c1143188,0x00000006c6100000)
 Metaspace       used 26709K, capacity 27354K, committed 27520K, reserved 1073152K
  class space    used 3117K, capacity 3329K, committed 3456K, reserved 1048576K
}
Event: 5.926 GC heap before
{Heap before GC invocations=10 (full 1):
 PSYoungGen      total 246784K, used 120828K [0x000000076ab00000, 0x000000077c900000, 0x00000007c0000000)
  eden space 230400K, 45% used [0x000000076ab00000,0x000000077117d730,0x0000000778c00000)
  from space 16384K, 96% used [0x000000077b900000,0x000000077c881c28,0x000000077c900000)
  to   space 19968K, 0% used [0x000000077a200000,0x000000077a200000,0x000000077b580000)
 ParOldGen       total 99328K, used 17676K [0x00000006c0000000, 0x00000006c6100000, 0x000000076ab00000)
  object space 99328K, 17% used [0x00000006c0000000,0x00000006c1143188,0x00000006c6100000)
 Metaspace       used 29912K, capacity 30816K, committed 30976K, reserved 1077248K
  class space    used 3493K, capacity 3757K, committed 3840K, reserved 1048576K
Event: 5.941 GC heap after
Heap after GC invocations=10 (full 1):
 PSYoungGen      total 245760K, used 15247K [0x000000076ab00000, 0x000000077b980000, 0x00000007c0000000)
  eden space 230400K, 0% used [0x000000076ab00000,0x000000076ab00000,0x0000000778c00000)
  from space 15360K, 99% used [0x000000077a200000,0x000000077b0e3fa8,0x000000077b100000)
  to   space 8704K, 0% used [0x000000077b100000,0x000000077b100000,0x000000077b980000)
 ParOldGen       total 99328K, used 17684K [0x00000006c0000000, 0x00000006c6100000, 0x000000076ab00000)
  object space 99328K, 17% used [0x00000006c0000000,0x00000006c1145188,0x00000006c6100000)
 Metaspace       used 29912K, capacity 30816K, committed 30976K, reserved 1077248K
  class space    used 3493K, capacity 3757K, committed 3840K, reserved 1048576K
}
Event: 5.941 GC heap before
{Heap before GC invocations=11 (full 2):
 PSYoungGen      total 245760K, used 15247K [0x000000076ab00000, 0x000000077b980000, 0x00000007c0000000)
  eden space 230400K, 0% used [0x000000076ab00000,0x000000076ab00000,0x0000000778c00000)
  from space 15360K, 99% used [0x000000077a200000,0x000000077b0e3fa8,0x000000077b100000)
  to   space 8704K, 0% used [0x000000077b100000,0x000000077b100000,0x000000077b980000)
 ParOldGen       total 99328K, used 17684K [0x00000006c0000000, 0x00000006c6100000, 0x000000076ab00000)
  object space 99328K, 17% used [0x00000006c0000000,0x00000006c1145188,0x00000006c6100000)
 Metaspace       used 29912K, capacity 30816K, committed 30976K, reserved 1077248K
  class space    used 3493K, capacity 3757K, committed 3840K, reserved 1048576K
Event: 6.143 GC heap after
Heap after GC invocations=11 (full 2):
 PSYoungGen      total 245760K, used 0K [0x000000076ab00000, 0x000000077b980000, 0x00000007c0000000)
  eden space 230400K, 0% used [0x000000076ab00000,0x000000076ab00000,0x0000000778c00000)
  from space 15360K, 0% used [0x000000077a200000,0x000000077a200000,0x000000077b100000)
  to   space 8704K, 0% used [0x000000077b100000,0x000000077b100000,0x000000077b980000)
 ParOldGen       total 99328K, used 31805K [0x00000006c0000000, 0x00000006c6100000, 0x000000076ab00000)
  object space 99328K, 32% used [0x00000006c0000000,0x00000006c1f0f740,0x00000006c6100000)
 Metaspace       used 28794K, capacity 29588K, committed 30976K, reserved 1077248K
  class space    used 3347K, capacity 3585K, committed 3840K, reserved 1048576K
}

Deoptimization events (10 events):
Event: 5.921 Thread 0x00007fc7c5001800 Uncommon trap: reason=unhandled action=none pc=0x0000000112c7a19c method=java.net.URLClassLoader.findClass(Ljava/lang/String;)Ljava/lang/Class; @ 44
Event: 5.922 Thread 0x00007fc7c5001800 Uncommon trap: reason=unhandled action=none pc=0x0000000112c7a19c method=java.net.URLClassLoader.findClass(Ljava/lang/String;)Ljava/lang/Class; @ 44
Event: 5.922 Thread 0x00007fc7c5001800 Uncommon trap: reason=unhandled action=none pc=0x0000000112c7a19c method=java.net.URLClassLoader.findClass(Ljava/lang/String;)Ljava/lang/Class; @ 44
Event: 5.923 Thread 0x00007fc7c5001800 Uncommon trap: reason=unhandled action=none pc=0x0000000112c7a19c method=java.net.URLClassLoader.findClass(Ljava/lang/String;)Ljava/lang/Class; @ 44
Event: 5.923 Thread 0x00007fc7c5001800 Uncommon trap: reason=unhandled action=none pc=0x0000000112c7a19c method=java.net.URLClassLoader.findClass(Ljava/lang/String;)Ljava/lang/Class; @ 44
Event: 5.924 Thread 0x00007fc7c5001800 Uncommon trap: reason=unhandled action=none pc=0x0000000112c7a19c method=java.net.URLClassLoader.findClass(Ljava/lang/String;)Ljava/lang/Class; @ 44
Event: 5.924 Thread 0x00007fc7c5001800 Uncommon trap: reason=unhandled action=none pc=0x0000000112c7a19c method=java.net.URLClassLoader.findClass(Ljava/lang/String;)Ljava/lang/Class; @ 44
Event: 6.145 Thread 0x00007fc7c5001800 Uncommon trap: reason=unstable_if action=reinterpret pc=0x0000000112b1eba4 method=java.util.concurrent.ConcurrentHashMap.replaceNode(Ljava/lang/Object;Ljava/lang/Object;Ljava/lang/Object;)Ljava/lang/Object; @ 136
Event: 6.148 Thread 0x00007fc7c5001800 Uncommon trap: reason=unhandled action=none pc=0x0000000112c7a19c method=java.net.URLClassLoader.findClass(Ljava/lang/String;)Ljava/lang/Class; @ 44
Event: 6.152 Thread 0x00007fc7c5001800 Uncommon trap: reason=unhandled action=none pc=0x0000000112c7a19c method=java.net.URLClassLoader.findClass(Ljava/lang/String;)Ljava/lang/Class; @ 44

Internal exceptions (10 events):
Event: 5.888 Thread 0x00007fc7c5001800 Exception <a 'java/lang/ArrayIndexOutOfBoundsException': 85> (0x0000000770ad25a0) thrown at [/HUDSON3/workspace/8-2-build-macosx-x86_64/jdk8u73/6086/hotspot/src/share/vm/interpreter/interpreterRuntime.cpp, line 366]
Event: 5.888 Thread 0x00007fc7c5001800 Exception <a 'java/lang/ArrayIndexOutOfBoundsException': 112> (0x0000000770ad3d40) thrown at [/HUDSON3/workspace/8-2-build-macosx-x86_64/jdk8u73/6086/hotspot/src/share/vm/interpreter/interpreterRuntime.cpp, line 366]
Event: 5.888 Thread 0x00007fc7c5001800 Exception <a 'java/lang/ArrayIndexOutOfBoundsException': 100> (0x0000000770ad5af8) thrown at [/HUDSON3/workspace/8-2-build-macosx-x86_64/jdk8u73/6086/hotspot/src/share/vm/interpreter/interpreterRuntime.cpp, line 366]
Event: 5.888 Thread 0x00007fc7c5001800 Exception <a 'java/lang/ArrayIndexOutOfBoundsException': 86> (0x0000000770ad7140) thrown at [/HUDSON3/workspace/8-2-build-macosx-x86_64/jdk8u73/6086/hotspot/src/share/vm/interpreter/interpreterRuntime.cpp, line 366]
Event: 5.888 Thread 0x00007fc7c5001800 Exception <a 'java/lang/ArrayIndexOutOfBoundsException': 111> (0x0000000770ad88b8) thrown at [/HUDSON3/workspace/8-2-build-macosx-x86_64/jdk8u73/6086/hotspot/src/share/vm/interpreter/interpreterRuntime.cpp, line 366]
Event: 5.888 Thread 0x00007fc7c5001800 Exception <a 'java/lang/ArrayIndexOutOfBoundsException': 113> (0x0000000770ada5f8) thrown at [/HUDSON3/workspace/8-2-build-macosx-x86_64/jdk8u73/6086/hotspot/src/share/vm/interpreter/interpreterRuntime.cpp, line 366]
Event: 5.893 Thread 0x00007fc7c5001800 Exception <a 'java/lang/ArrayIndexOutOfBoundsException': 37> (0x0000000770d47960) thrown at [/HUDSON3/workspace/8-2-build-macosx-x86_64/jdk8u73/6086/hotspot/src/share/vm/interpreter/interpreterRuntime.cpp, line 366]
Event: 5.893 Thread 0x00007fc7c5001800 Exception <a 'java/lang/ArrayIndexOutOfBoundsException': 72> (0x0000000770d48f58) thrown at [/HUDSON3/workspace/8-2-build-macosx-x86_64/jdk8u73/6086/hotspot/src/share/vm/interpreter/interpreterRuntime.cpp, line 366]
Event: 5.893 Thread 0x00007fc7c5001800 Exception <a 'java/lang/ArrayIndexOutOfBoundsException': 83> (0x0000000770d4a690) thrown at [/HUDSON3/workspace/8-2-build-macosx-x86_64/jdk8u73/6086/hotspot/src/share/vm/interpreter/interpreterRuntime.cpp, line 366]
Event: 5.893 Thread 0x00007fc7c5001800 Exception <a 'java/lang/ArrayIndexOutOfBoundsException': 83> (0x0000000770d4be80) thrown at [/HUDSON3/workspace/8-2-build-macosx-x86_64/jdk8u73/6086/hotspot/src/share/vm/interpreter/interpreterRuntime.cpp, line 366]

Events (10 events):
Event: 6.153 Thread 0x00007fc7c5001800 DEOPT PACKING pc=0x0000000112af77ac sp=0x000070000dd658c0
Event: 6.153 Thread 0x00007fc7c5001800 DEOPT UNPACKING pc=0x0000000111ed5633 sp=0x000070000dd65600 mode 1
Event: 6.153 Thread 0x00007fc7c5001800 DEOPT PACKING pc=0x0000000112150a61 sp=0x000070000dd65830
Event: 6.153 Thread 0x00007fc7c5001800 DEOPT UNPACKING pc=0x0000000111ed5633 sp=0x000070000dd65590 mode 1
Event: 6.153 Thread 0x00007fc7c5001800 DEOPT PACKING pc=0x0000000112b61314 sp=0x000070000dd65950
Event: 6.153 Thread 0x00007fc7c5001800 DEOPT UNPACKING pc=0x0000000111ed5633 sp=0x000070000dd65608 mode 1
Event: 6.154 Thread 0x00007fc7c486e000 flushing nmethod 0x0000000112478150
Event: 6.154 Thread 0x00007fc7d0148800 Thread added: 0x00007fc7d0148800
Event: 6.155 Thread 0x00007fc7d0148800 Thread exited: 0x00007fc7d0148800
Event: 6.155 Executing VM operation: Exit


Dynamic libraries:
0x000000002abad000 	/System/Library/Frameworks/Cocoa.framework/Versions/A/Cocoa
0x000000002abad000 	/System/Library/Frameworks/Security.framework/Versions/A/Security
0x000000002abad000 	/System/Library/Frameworks/ApplicationServices.framework/Versions/A/ApplicationServices
0x000000002abad000 	/usr/lib/libz.1.dylib
0x000000002abad000 	/usr/lib/libSystem.B.dylib
0x000000002abad000 	/usr/lib/libobjc.A.dylib
0x000000002abad000 	/System/Library/Frameworks/CoreFoundation.framework/Versions/A/CoreFoundation
0x000000002abad000 	/System/Library/Frameworks/Foundation.framework/Versions/C/Foundation
0x000000002abad000 	/System/Library/Frameworks/AppKit.framework/Versions/C/AppKit
0x000000002abad000 	/System/Library/Frameworks/CoreData.framework/Versions/A/CoreData
0x000000002abad000 	/System/Library/PrivateFrameworks/RemoteViewServices.framework/Versions/A/RemoteViewServices
0x000000002abad000 	/System/Library/PrivateFrameworks/UIFoundation.framework/Versions/A/UIFoundation
0x000000002abad000 	/System/Library/PrivateFrameworks/DFRFoundation.framework/Versions/A/DFRFoundation
0x000000002abad000 	/usr/lib/libenergytrace.dylib
0x000000002abad000 	/System/Library/PrivateFrameworks/SkyLight.framework/Versions/A/SkyLight
0x000000002abad000 	/System/Library/Frameworks/CoreGraphics.framework/Versions/A/CoreGraphics
0x000000002abad000 	/usr/lib/libScreenReader.dylib
0x000000002abad000 	/System/Library/Frameworks/Accelerate.framework/Versions/A/Accelerate
0x000000002abad000 	/System/Library/Frameworks/IOSurface.framework/Versions/A/IOSurface
0x000000002abad000 	/System/Library/Frameworks/AudioToolbox.framework/Versions/A/AudioToolbox
0x000000002abad000 	/System/Library/Frameworks/AudioUnit.framework/Versions/A/AudioUnit
0x000000002abad000 	/System/Library/PrivateFrameworks/DataDetectorsCore.framework/Versions/A/DataDetectorsCore
0x000000002abad000 	/System/Library/PrivateFrameworks/DesktopServicesPriv.framework/Versions/A/DesktopServicesPriv
0x000000002abad000 	/System/Library/Frameworks/Carbon.framework/Versions/A/Frameworks/HIToolbox.framework/Versions/A/HIToolbox
0x000000002abad000 	/usr/lib/libicucore.A.dylib
0x000000002abad000 	/System/Library/Frameworks/QuartzCore.framework/Versions/A/QuartzCore
0x000000002abad000 	/System/Library/Frameworks/Carbon.framework/Versions/A/Frameworks/SpeechRecognition.framework/Versions/A/SpeechRecognition
0x000000002abad000 	/usr/lib/libauto.dylib
0x000000002abad000 	/usr/lib/libxml2.2.dylib
0x000000002abad000 	/System/Library/PrivateFrameworks/CoreUI.framework/Versions/A/CoreUI
0x000000002abad000 	/System/Library/Frameworks/CoreAudio.framework/Versions/A/CoreAudio
0x000000002abad000 	/System/Library/Frameworks/DiskArbitration.framework/Versions/A/DiskArbitration
0x000000002abad000 	/usr/lib/liblangid.dylib
0x000000002abad000 	/System/Library/PrivateFrameworks/MultitouchSupport.framework/Versions/A/MultitouchSupport
0x000000002abad000 	/System/Library/Frameworks/IOKit.framework/Versions/A/IOKit
0x000000002abad000 	/usr/lib/libDiagnosticMessagesClient.dylib
0x000000002abad000 	/System/Library/Frameworks/CoreServices.framework/Versions/A/CoreServices
0x000000002abad000 	/System/Library/PrivateFrameworks/PerformanceAnalysis.framework/Versions/A/PerformanceAnalysis
0x000000002abad000 	/System/Library/PrivateFrameworks/GenerationalStorage.framework/Versions/A/GenerationalStorage
0x000000002abad000 	/System/Library/Frameworks/OpenGL.framework/Versions/A/OpenGL
0x000000002abad000 	/System/Library/Frameworks/CoreImage.framework/Versions/A/CoreImage
0x000000002abad000 	/System/Library/Frameworks/CoreText.framework/Versions/A/CoreText
0x000000002abad000 	/System/Library/Frameworks/ImageIO.framework/Versions/A/ImageIO
0x000000002abad000 	/System/Library/PrivateFrameworks/Backup.framework/Versions/A/Backup
0x000000002abad000 	/usr/lib/libarchive.2.dylib
0x000000002abad000 	/System/Library/Frameworks/CFNetwork.framework/Versions/A/CFNetwork
0x000000002abad000 	/System/Library/Frameworks/SystemConfiguration.framework/Versions/A/SystemConfiguration
0x000000002abad000 	/usr/lib/libCRFSuite.dylib
0x000000002abad000 	/usr/lib/libc++.1.dylib
0x000000002abad000 	/usr/lib/libc++abi.dylib
0x000000002abad000 	/usr/lib/system/libcache.dylib
0x000000002abad000 	/usr/lib/system/libcommonCrypto.dylib
0x000000002abad000 	/usr/lib/system/libcompiler_rt.dylib
0x000000002abad000 	/usr/lib/system/libcopyfile.dylib
0x000000002abad000 	/usr/lib/system/libcorecrypto.dylib
0x000000002abad000 	/usr/lib/system/libdispatch.dylib
0x000000002abad000 	/usr/lib/system/libdyld.dylib
0x000000002abad000 	/usr/lib/system/libkeymgr.dylib
0x000000002abad000 	/usr/lib/system/liblaunch.dylib
0x000000002abad000 	/usr/lib/system/libmacho.dylib
0x000000002abad000 	/usr/lib/system/libquarantine.dylib
0x000000002abad000 	/usr/lib/system/libremovefile.dylib
0x000000002abad000 	/usr/lib/system/libsystem_asl.dylib
0x000000002abad000 	/usr/lib/system/libsystem_blocks.dylib
0x000000002abad000 	/usr/lib/system/libsystem_c.dylib
0x000000002abad000 	/usr/lib/system/libsystem_configuration.dylib
0x000000002abad000 	/usr/lib/system/libsystem_coreservices.dylib
0x000000002abad000 	/usr/lib/system/libsystem_coretls.dylib
0x000000002abad000 	/usr/lib/system/libsystem_dnssd.dylib
0x000000002abad000 	/usr/lib/system/libsystem_info.dylib
0x000000002abad000 	/usr/lib/system/libsystem_kernel.dylib
0x000000002abad000 	/usr/lib/system/libsystem_m.dylib
0x000000002abad000 	/usr/lib/system/libsystem_malloc.dylib
0x000000002abad000 	/usr/lib/system/libsystem_network.dylib
0x000000002abad000 	/usr/lib/system/libsystem_networkextension.dylib
0x000000002abad000 	/usr/lib/system/libsystem_notify.dylib
0x000000002abad000 	/usr/lib/system/libsystem_platform.dylib
0x000000002abad000 	/usr/lib/system/libsystem_pthread.dylib
0x000000002abad000 	/usr/lib/system/libsystem_sandbox.dylib
0x000000002abad000 	/usr/lib/system/libsystem_secinit.dylib
0x000000002abad000 	/usr/lib/system/libsystem_symptoms.dylib
0x000000002abad000 	/usr/lib/system/libsystem_trace.dylib
0x000000002abad000 	/usr/lib/system/libunwind.dylib
0x000000002abad000 	/usr/lib/system/libxpc.dylib
0x000000002abad000 	/usr/lib/libbsm.0.dylib
0x000000002abad000 	/usr/lib/system/libkxld.dylib
0x000000002abad000 	/usr/lib/libcoretls.dylib
0x000000002abad000 	/usr/lib/libcoretls_cfhelpers.dylib
0x000000002abad000 	/usr/lib/libxar.1.dylib
0x000000002abad000 	/usr/lib/libsqlite3.dylib
0x000000002abad000 	/usr/lib/libpam.2.dylib
0x000000002abad000 	/usr/lib/libOpenScriptingUtil.dylib
0x000000002abad000 	/usr/lib/libbz2.1.0.dylib
0x000000002abad000 	/usr/lib/liblzma.5.dylib
0x000000002abad000 	/usr/lib/libnetwork.dylib
0x000000002abad000 	/usr/lib/libpcap.A.dylib
0x000000002abad000 	/System/Library/Frameworks/CoreServices.framework/Versions/A/Frameworks/FSEvents.framework/Versions/A/FSEvents
0x000000002abad000 	/System/Library/Frameworks/CoreServices.framework/Versions/A/Frameworks/CarbonCore.framework/Versions/A/CarbonCore
0x000000002abad000 	/System/Library/Frameworks/CoreServices.framework/Versions/A/Frameworks/Metadata.framework/Versions/A/Metadata
0x000000002abad000 	/System/Library/Frameworks/CoreServices.framework/Versions/A/Frameworks/OSServices.framework/Versions/A/OSServices
0x000000002abad000 	/System/Library/Frameworks/CoreServices.framework/Versions/A/Frameworks/SearchKit.framework/Versions/A/SearchKit
0x000000002abad000 	/System/Library/Frameworks/CoreServices.framework/Versions/A/Frameworks/AE.framework/Versions/A/AE
0x000000002abad000 	/System/Library/Frameworks/CoreServices.framework/Versions/A/Frameworks/LaunchServices.framework/Versions/A/LaunchServices
0x000000002abad000 	/System/Library/Frameworks/CoreServices.framework/Versions/A/Frameworks/DictionaryServices.framework/Versions/A/DictionaryServices
0x000000002abad000 	/System/Library/Frameworks/CoreServices.framework/Versions/A/Frameworks/SharedFileList.framework/Versions/A/SharedFileList
0x000000002abad000 	/System/Library/Frameworks/NetFS.framework/Versions/A/NetFS
0x000000002abad000 	/System/Library/PrivateFrameworks/NetAuth.framework/Versions/A/NetAuth
0x000000002abad000 	/System/Library/PrivateFrameworks/login.framework/Versions/A/Frameworks/loginsupport.framework/Versions/A/loginsupport
0x000000002abad000 	/System/Library/PrivateFrameworks/TCC.framework/Versions/A/TCC
0x000000002abad000 	/usr/lib/libmecabra.dylib
0x000000002abad000 	/System/Library/Frameworks/ApplicationServices.framework/Versions/A/Frameworks/ATS.framework/Versions/A/ATS
0x000000002abad000 	/System/Library/Frameworks/ApplicationServices.framework/Versions/A/Frameworks/ColorSync.framework/Versions/A/ColorSync
0x000000002abad000 	/System/Library/Frameworks/ApplicationServices.framework/Versions/A/Frameworks/HIServices.framework/Versions/A/HIServices
0x000000002abad000 	/System/Library/Frameworks/ApplicationServices.framework/Versions/A/Frameworks/LangAnalysis.framework/Versions/A/LangAnalysis
0x000000002abad000 	/System/Library/Frameworks/ApplicationServices.framework/Versions/A/Frameworks/PrintCore.framework/Versions/A/PrintCore
0x000000002abad000 	/System/Library/Frameworks/ApplicationServices.framework/Versions/A/Frameworks/QD.framework/Versions/A/QD
0x000000002abad000 	/System/Library/Frameworks/ApplicationServices.framework/Versions/A/Frameworks/SpeechSynthesis.framework/Versions/A/SpeechSynthesis
0x000000002abad000 	/System/Library/Frameworks/Accelerate.framework/Versions/A/Frameworks/vImage.framework/Versions/A/vImage
0x000000002abad000 	/System/Library/Frameworks/Accelerate.framework/Versions/A/Frameworks/vecLib.framework/Versions/A/vecLib
0x000000002abad000 	/System/Library/Frameworks/Accelerate.framework/Versions/A/Frameworks/vecLib.framework/Versions/A/libvDSP.dylib
0x000000002abad000 	/System/Library/Frameworks/Accelerate.framework/Versions/A/Frameworks/vecLib.framework/Versions/A/libBNNS.dylib
0x000000002abad000 	/System/Library/Frameworks/Accelerate.framework/Versions/A/Frameworks/vecLib.framework/Versions/A/libQuadrature.dylib
0x000000002abad000 	/System/Library/Frameworks/Accelerate.framework/Versions/A/Frameworks/vecLib.framework/Versions/A/libvMisc.dylib
0x000000002abad000 	/System/Library/Frameworks/Accelerate.framework/Versions/A/Frameworks/vecLib.framework/Versions/A/libLAPACK.dylib
0x000000002abad000 	/System/Library/Frameworks/Accelerate.framework/Versions/A/Frameworks/vecLib.framework/Versions/A/libBLAS.dylib
0x000000002abad000 	/System/Library/Frameworks/Accelerate.framework/Versions/A/Frameworks/vecLib.framework/Versions/A/libLinearAlgebra.dylib
0x000000002abad000 	/System/Library/Frameworks/Accelerate.framework/Versions/A/Frameworks/vecLib.framework/Versions/A/libSparseBLAS.dylib
0x000000002abad000 	/System/Library/Frameworks/ApplicationServices.framework/Versions/A/Frameworks/ATS.framework/Versions/A/Resources/libFontParser.dylib
0x000000002abad000 	/System/Library/Frameworks/ApplicationServices.framework/Versions/A/Frameworks/ATS.framework/Versions/A/Resources/libFontRegistry.dylib
0x000000002abad000 	/System/Library/Frameworks/ImageIO.framework/Versions/A/Resources/libJPEG.dylib
0x000000002abad000 	/System/Library/Frameworks/ImageIO.framework/Versions/A/Resources/libTIFF.dylib
0x000000002abad000 	/System/Library/Frameworks/ImageIO.framework/Versions/A/Resources/libPng.dylib
0x000000002abad000 	/System/Library/Frameworks/ImageIO.framework/Versions/A/Resources/libGIF.dylib
0x000000002abad000 	/System/Library/Frameworks/ImageIO.framework/Versions/A/Resources/libJP2.dylib
0x000000002abad000 	/System/Library/Frameworks/ImageIO.framework/Versions/A/Resources/libRadiance.dylib
0x000000002abad000 	/usr/lib/libcompression.dylib
0x000000002abad000 	/System/Library/PrivateFrameworks/AppleJPEG.framework/Versions/A/AppleJPEG
0x000000002abad000 	/usr/lib/libcups.2.dylib
0x000000002abad000 	/System/Library/Frameworks/Kerberos.framework/Versions/A/Kerberos
0x000000002abad000 	/System/Library/Frameworks/GSS.framework/Versions/A/GSS
0x000000002abad000 	/usr/lib/libresolv.9.dylib
0x000000002abad000 	/usr/lib/libiconv.2.dylib
0x000000002abad000 	/System/Library/PrivateFrameworks/Heimdal.framework/Versions/A/Heimdal
0x000000002abad000 	/usr/lib/libheimdal-asn1.dylib
0x000000002abad000 	/System/Library/Frameworks/OpenDirectory.framework/Versions/A/OpenDirectory
0x000000002abad000 	/System/Library/PrivateFrameworks/CommonAuth.framework/Versions/A/CommonAuth
0x000000002abad000 	/System/Library/Frameworks/OpenDirectory.framework/Versions/A/Frameworks/CFOpenDirectory.framework/Versions/A/CFOpenDirectory
0x000000002abad000 	/System/Library/Frameworks/SecurityFoundation.framework/Versions/A/SecurityFoundation
0x000000002abad000 	/System/Library/PrivateFrameworks/LanguageModeling.framework/Versions/A/LanguageModeling
0x000000002abad000 	/usr/lib/libmarisa.dylib
0x000000002abad000 	/usr/lib/libChineseTokenizer.dylib
0x000000002abad000 	/usr/lib/libcmph.dylib
0x000000002abad000 	/System/Library/PrivateFrameworks/CoreEmoji.framework/Versions/A/CoreEmoji
0x000000002abad000 	/System/Library/Frameworks/ServiceManagement.framework/Versions/A/ServiceManagement
0x000000002abad000 	/usr/lib/libxslt.1.dylib
0x000000002abad000 	/System/Library/Frameworks/Carbon.framework/Versions/A/Frameworks/Ink.framework/Versions/A/Ink
0x000000002abad000 	/System/Library/PrivateFrameworks/TextureIO.framework/Versions/A/TextureIO
0x000000002abad000 	/System/Library/Frameworks/Metal.framework/Versions/A/Metal
0x000000002abad000 	/usr/lib/libate.dylib
0x000000002abad000 	/System/Library/PrivateFrameworks/GPUCompiler.framework/libmetal_timestamp.dylib
0x000000002abad000 	/System/Library/Frameworks/OpenGL.framework/Versions/A/Libraries/libCoreFSCache.dylib
0x000000002abad000 	/System/Library/PrivateFrameworks/IOAccelerator.framework/Versions/A/IOAccelerator
0x000000002abad000 	/System/Library/Frameworks/CoreVideo.framework/Versions/A/CoreVideo
0x000000002abad000 	/usr/lib/libFosl_dynamic.dylib
0x000000002abad000 	/System/Library/PrivateFrameworks/MetalPerformanceShaders.framework/Versions/A/MetalPerformanceShaders
0x000000002abad000 	/System/Library/PrivateFrameworks/FaceCore.framework/Versions/A/FaceCore
0x000000002abad000 	/System/Library/Frameworks/OpenCL.framework/Versions/A/OpenCL
0x000000002abad000 	/System/Library/Frameworks/OpenGL.framework/Versions/A/Libraries/libGLU.dylib
0x000000002abad000 	/System/Library/Frameworks/OpenGL.framework/Versions/A/Libraries/libGFXShared.dylib
0x000000002abad000 	/System/Library/Frameworks/OpenGL.framework/Versions/A/Libraries/libGL.dylib
0x000000002abad000 	/System/Library/Frameworks/OpenGL.framework/Versions/A/Libraries/libGLImage.dylib
0x000000002abad000 	/System/Library/Frameworks/OpenGL.framework/Versions/A/Libraries/libCVMSPluginSupport.dylib
0x000000002abad000 	/System/Library/Frameworks/OpenGL.framework/Versions/A/Libraries/libCoreVMClient.dylib
0x000000002abad000 	/System/Library/PrivateFrameworks/CrashReporterSupport.framework/Versions/A/CrashReporterSupport
0x000000002abad000 	/System/Library/PrivateFrameworks/Sharing.framework/Versions/A/Sharing
0x000000002abad000 	/System/Library/PrivateFrameworks/IconServices.framework/Versions/A/IconServices
0x000000002abad000 	/System/Library/PrivateFrameworks/ProtocolBuffer.framework/Versions/A/ProtocolBuffer
0x000000002abad000 	/System/Library/PrivateFrameworks/Apple80211.framework/Versions/A/Apple80211
0x000000002abad000 	/System/Library/Frameworks/CoreWLAN.framework/Versions/A/CoreWLAN
0x000000002abad000 	/System/Library/PrivateFrameworks/CoreUtils.framework/Versions/A/CoreUtils
0x000000002abad000 	/System/Library/Frameworks/IOBluetooth.framework/Versions/A/IOBluetooth
0x000000002abad000 	/System/Library/PrivateFrameworks/CoreWiFi.framework/Versions/A/CoreWiFi
0x000000002abad000 	/System/Library/Frameworks/CoreBluetooth.framework/Versions/A/CoreBluetooth
0x000000002abad000 	/System/Library/Frameworks/CoreDisplay.framework/Versions/A/CoreDisplay
0x000000002abad000 	/System/Library/PrivateFrameworks/IOPresentment.framework/Versions/A/IOPresentment
0x000000002abad000 	/System/Library/PrivateFrameworks/DebugSymbols.framework/Versions/A/DebugSymbols
0x000000002abad000 	/System/Library/PrivateFrameworks/CoreSymbolication.framework/Versions/A/CoreSymbolication
0x000000002abad000 	/System/Library/PrivateFrameworks/Symbolication.framework/Versions/A/Symbolication
0x000000002abad000 	/System/Library/PrivateFrameworks/AppleFSCompression.framework/Versions/A/AppleFSCompression
0x000000002abad000 	/System/Library/PrivateFrameworks/SpeechRecognitionCore.framework/Versions/A/SpeechRecognitionCore
0x000000002abad000 	/System/Library/PrivateFrameworks/ChunkingLibrary.framework/Versions/A/ChunkingLibrary
0x0000000106049000 	/System/Library/CoreServices/Encodings/libSimplifiedChineseConverter.dylib
0x0000000107200000 	/Library/Java/JavaVirtualMachines/jdk1.8.0_73.jdk/Contents/Home/jre/lib/server/libjvm.dylib
0x000000002abad000 	/usr/lib/libstdc++.6.dylib
0x000000010608d000 	/Library/Java/JavaVirtualMachines/jdk1.8.0_73.jdk/Contents/Home/jre/lib/libverify.dylib
0x000000010609b000 	/Library/Java/JavaVirtualMachines/jdk1.8.0_73.jdk/Contents/Home/jre/lib/libjava.dylib
0x00000001060d1000 	/Library/Java/JavaVirtualMachines/jdk1.8.0_73.jdk/Contents/Home/jre/lib/libjdwp.dylib
0x000000010611c000 	/Library/Java/JavaVirtualMachines/jdk1.8.0_73.jdk/Contents/Home/jre/lib/libnpt.dylib
0x0000000106120000 	/Library/Java/JavaVirtualMachines/jdk1.8.0_73.jdk/Contents/Home/jre/lib/libinstrument.dylib
0x000000010617e000 	/Library/Java/JavaVirtualMachines/jdk1.8.0_73.jdk/Contents/Home/jre/lib/libzip.dylib
0x000000012324e000 	/System/Library/Frameworks/JavaVM.framework/Frameworks/JavaRuntimeSupport.framework/JavaRuntimeSupport
0x0000000111dea000 	/System/Library/Frameworks/JavaVM.framework/Versions/A/Frameworks/JavaNativeFoundation.framework/Versions/A/JavaNativeFoundation
0x0000000123268000 	/System/Library/Frameworks/JavaVM.framework/Versions/A/JavaVM
0x000000002abad000 	/System/Library/Frameworks/Carbon.framework/Versions/A/Carbon
0x0000000123275000 	/System/Library/PrivateFrameworks/JavaLaunching.framework/Versions/A/JavaLaunching
0x000000002abad000 	/System/Library/Frameworks/Carbon.framework/Versions/A/Frameworks/CommonPanels.framework/Versions/A/CommonPanels
0x000000002abad000 	/System/Library/Frameworks/Carbon.framework/Versions/A/Frameworks/Help.framework/Versions/A/Help
0x000000002abad000 	/System/Library/Frameworks/Carbon.framework/Versions/A/Frameworks/ImageCapture.framework/Versions/A/ImageCapture
0x000000002abad000 	/System/Library/Frameworks/Carbon.framework/Versions/A/Frameworks/OpenScripting.framework/Versions/A/OpenScripting
0x000000002abad000 	/System/Library/Frameworks/Carbon.framework/Versions/A/Frameworks/Print.framework/Versions/A/Print
0x000000002abad000 	/System/Library/Frameworks/Carbon.framework/Versions/A/Frameworks/SecurityHI.framework/Versions/A/SecurityHI
0x0000000124b79000 	/Library/Java/JavaVirtualMachines/jdk1.8.0_73.jdk/Contents/Home/jre/lib/libdt_socket.dylib
0x0000000124c38000 	/Library/Java/JavaVirtualMachines/jdk1.8.0_73.jdk/Contents/Home/jre/lib/libnet.dylib
0x0000000124ca6000 	/Library/Java/JavaVirtualMachines/jdk1.8.0_73.jdk/Contents/Home/jre/lib/libnio.dylib
0x0000000124cb6000 	/Library/Java/JavaVirtualMachines/jdk1.8.0_73.jdk/Contents/Home/jre/lib/libsunec.dylib

VM Arguments:
jvm_args: -agentlib:jdwp=transport=dt_socket,suspend=y,address=localhost:51570 -Dmaven.home=EMBEDDED -Dclassworlds.conf=/Users/yangkai/Documents/workspace/.metadata/.plugins/org.eclipse.m2e.launching/launches/m2conf5019894634130551982.tmp -Dmaven.multiModuleProjectDirectory=/Users/yangkai/Develop/github/training/file-upload -javaagent:/Users/yangkai/.p2/pool/plugins/com.ifedorenko.m2e.sourcelookup_1.1.0.201506181114/com.ifedorenko.m2e.sourcelookup.javaagent.jar -Dfile.encoding=UTF-8 
java_command: org.codehaus.plexus.classworlds.launcher.Launcher -B -Dmaven.test.skip=true -DskipTests clean install
java_class_path (initial): /Users/yangkai/eclipse/jee-neon/Eclipse.app/Contents/Eclipse/../../../../../.p2/pool/plugins/org.eclipse.m2e.maven.runtime_1.7.0.20160603-1931/jars/plexus-classworlds-2.5.2.jar:/Users/yangkai/.p2/pool/plugins/com.ifedorenko.m2e.sourcelookup_1.1.0.201506181114/com.ifedorenko.m2e.sourcelookup.javaagent.jar
Launcher Type: SUN_STANDARD

Environment Variables:
PATH=/usr/bin:/bin:/usr/sbin:/sbin
SHELL=/bin/zsh

Signal Handlers:
SIGSEGV: [libjvm.dylib+0x5a71a5], sa_mask[0]=11111111011111110111111111111111, sa_flags=SA_ONSTACK|SA_RESTART|SA_SIGINFO
SIGBUS: [libjvm.dylib+0x5a71a5], sa_mask[0]=11111111011111110111111111111111, sa_flags=SA_RESTART|SA_SIGINFO
SIGFPE: [libjvm.dylib+0x480eb4], sa_mask[0]=11111111011111110111111111111111, sa_flags=SA_RESTART|SA_SIGINFO
SIGPIPE: [libjvm.dylib+0x480eb4], sa_mask[0]=11111111011111110111111111111111, sa_flags=SA_RESTART|SA_SIGINFO
SIGXFSZ: [libjvm.dylib+0x480eb4], sa_mask[0]=11111111011111110111111111111111, sa_flags=SA_RESTART|SA_SIGINFO
SIGILL: [libjvm.dylib+0x480eb4], sa_mask[0]=11111111011111110111111111111111, sa_flags=SA_RESTART|SA_SIGINFO
SIGUSR1: SIG_DFL, sa_mask[0]=00000000000000000000000000000000, sa_flags=none
SIGUSR2: [libjvm.dylib+0x4809d2], sa_mask[0]=00100000000000000000000000000000, sa_flags=SA_RESTART|SA_SIGINFO
SIGHUP: [libjvm.dylib+0x47efa9], sa_mask[0]=11111111011111110111111111111111, sa_flags=SA_RESTART|SA_SIGINFO
SIGINT: [libjvm.dylib+0x47efa9], sa_mask[0]=11111111011111110111111111111111, sa_flags=SA_RESTART|SA_SIGINFO
SIGTERM: [libjvm.dylib+0x47efa9], sa_mask[0]=11111111011111110111111111111111, sa_flags=SA_RESTART|SA_SIGINFO
SIGQUIT: [libjvm.dylib+0x47efa9], sa_mask[0]=11111111011111110111111111111111, sa_flags=SA_RESTART|SA_SIGINFO


---------------  S Y S T E M  ---------------

OS:Bsduname:Darwin 16.3.0 Darwin Kernel Version 16.3.0: Thu Nov 17 20:23:58 PST 2016; root:xnu-3789.31.2~1/RELEASE_X86_64 x86_64
rlimit: STACK 8192k, CORE 0k, NPROC 709, NOFILE 10240, AS infinity
load average:2.33 2.01 1.91

CPU:total 8 (4 cores per cpu, 2 threads per core) family 6 model 70 stepping 1, cmov, cx8, fxsr, mmx, sse, sse2, sse3, ssse3, sse4.1, sse4.2, popcnt, avx, avx2, aes, clmul, erms, lzcnt, ht, tsc, tscinvbit, bmi1, bmi2

Memory: 4k page, physical 16777216k(1445052k free)

/proc/meminfo:


vm_info: Java HotSpot(TM) 64-Bit Server VM (25.73-b02) for bsd-amd64 JRE (1.8.0_73-b02), built on Jan 29 2016 15:02:00 by "java_re" with gcc 4.2.1 (Based on Apple Inc. build 5658) (LLVM build 2336.11.00)

time: Mon Feb 20 14:38:34 2017
elapsed time: 6 seconds (0d 0h 0m 6s)

