#
# A fatal error has been detected by the Java Runtime Environment:
#
#  SIGSEGV (0xb) at pc=0x000000010bb19d68, pid=15455, tid=19971
#
# JRE version: Java(TM) SE Runtime Environment (8.0_73-b02) (build 1.8.0_73-b02)
# Java VM: Java HotSpot(TM) 64-Bit Server VM (25.73-b02 mixed mode bsd-amd64 compressed oops)
# Problematic frame:
# C  [libjdwp.dylib+0x21d68]  jvmtiAllocate+0x1d
#
# Failed to write core dump. Core dumps have been disabled. To enable core dumping, try "ulimit -c unlimited" before starting Java again
#
# If you would like to submit a bug report, please visit:
#   http://bugreport.java.com/bugreport/crash.jsp
# The crash happened outside the Java Virtual Machine in native code.
# See problematic frame for where to report the bug.
#

---------------  T H R E A D  ---------------

Current thread (0x00007fe1de029000):  JavaThread "JDWP Command Reader" daemon [_thread_in_native, id=19971, stack(0x000070000e5c5000,0x000070000e6c5000)]

siginfo: si_signo: 11 (SIGSEGV), si_code: 1 (SEGV_MAPERR), si_addr: 0x0000000000000000

Registers:
RAX=0x0000000000000000, RBX=0x000000011935c38a, RCX=0x0000000000000009, RDX=0x000070000e6c4b49
RSP=0x000070000e6c4b00, RBP=0x000070000e6c4b30, RSI=0x000000000000f000, RDI=0x0000000000000022
R8 =0x000070000e6c4b49, R9 =0x0000000000000000, R10=0x000000000000002e, R11=0x00007fff8f7feb46
R12=0x000000010bb1fe7a, R13=0x00007fe1dc93d5a0, R14=0x000000000000000a, R15=0x000000010bb1e891
RIP=0x000000010bb19d68, EFLAGS=0x0000000000010206, ERR=0x0000000000000004
  TRAPNO=0x000000000000000e

Top of Stack: (sp=0x000070000e6c4b00)
0x000070000e6c4b00:   0000000000000004 ffffffffffffffe7
0x000070000e6c4b10:   0000000000000000 0000000000000107
0x000070000e6c4b20:   000000011935c38a 000000000000000a
0x000070000e6c4b30:   000070000e6c4c60 000000011935b792
0x000070000e6c4b40:   0000000000000000 6c69662064614268
0x000070000e6c4b50:   6972637365642065 00000000726f7470
0x000070000e6c4b60:   0000000000000000 0000000000000000
0x000070000e6c4b70:   0000000000000000 0000000000000000
0x000070000e6c4b80:   0000000000000000 0000000000000000
0x000070000e6c4b90:   0000000000000000 0000000000000000
0x000070000e6c4ba0:   0000000000000000 0000000000000000
0x000070000e6c4bb0:   0000000000000000 0000000000000000
0x000070000e6c4bc0:   0000000000000000 0000000000000000
0x000070000e6c4bd0:   0000000000000000 0000000000000000
0x000070000e6c4be0:   0000000000000000 0000000000000000
0x000070000e6c4bf0:   0000000000000000 0000000000000000
0x000070000e6c4c00:   0000000000000000 0000000000000000
0x000070000e6c4c10:   0000000000000000 0000000000000000
0x000070000e6c4c20:   0000000000000000 0000000000000000
0x000070000e6c4c30:   0000000000000000 0000000000000000
0x000070000e6c4c40:   0000000000000000 08b70485105f0035
0x000070000e6c4c50:   000070000e6c4ce0 000000010bb1fe95
0x000070000e6c4c60:   000070000e6c4c90 000000011935b2ff
0x000070000e6c4c70:   000070000e6c4cb0 000000010bb1aa19
0x000070000e6c4c80:   000070000e6c4ce0 000000010bb1fe95
0x000070000e6c4c90:   000070000e6c4cb0 000000010bb16b71
0x000070000e6c4ca0:   000000010bb1fe6e 000000010bb1fe95
0x000070000e6c4cb0:   000070000e6c4d20 000000010bb069c9
0x000070000e6c4cc0:   0000000000000019 000070000e6c4d00
0x000070000e6c4cd0:   0000000000036c01 0000000000004e03
0x000070000e6c4ce0:   000010a600000050 0000000000020100
0x000070000e6c4cf0:   00007fe1dc9436a0 00007fe1de029000 

Instructions: (pc=0x000000010bb19d68)
0x000000010bb19d48:   5e 5d c3 55 48 89 e5 41 56 53 48 83 ec 20 85 ff
0x000000010bb19d58:   0f 84 85 00 00 00 48 8b 05 33 18 01 00 48 8b 00
0x000000010bb19d68:   48 8b 08 48 63 f7 48 8d 55 e8 48 89 c7 ff 91 68
0x000000010bb19d78:   01 00 00 85 c0 74 5e 89 c3 89 df e8 66 ce fe ff 

Register to memory mapping:

RAX=0x0000000000000000 is an unknown value
RBX=0x000000011935c38a: dbgsysConnect+0x2fe in /Library/Java/JavaVirtualMachines/jdk1.8.0_73.jdk/Contents/Home/jre/lib/libdt_socket.dylib at 0x000000011935a000
RCX=0x0000000000000009 is an unknown value
RDX=0x000070000e6c4b49 is pointing into the stack for thread: 0x00007fe1de029000
RSP=0x000070000e6c4b00 is pointing into the stack for thread: 0x00007fe1de029000
RBP=0x000070000e6c4b30 is pointing into the stack for thread: 0x00007fe1de029000
RSI=0x000000000000f000 is an unknown value
RDI=0x0000000000000022 is an unknown value
R8 =0x000070000e6c4b49 is pointing into the stack for thread: 0x00007fe1de029000
R9 =0x0000000000000000 is an unknown value
R10=0x000000000000002e is an unknown value
R11=0x00007fff8f7feb46: pthread_getspecific+0 in /usr/lib/system/libsystem_pthread.dylib at 0x00007fff8f7fd000
R12=0x000000010bb1fe7a: util_initialize+0x25dd in /Library/Java/JavaVirtualMachines/jdk1.8.0_73.jdk/Contents/Home/jre/lib/libjdwp.dylib at 0x000000010baf8000
R13=0x00007fe1dc93d5a0 is an unknown value
R14=0x000000000000000a is an unknown value
R15=0x000000010bb1e891: util_initialize+0xff4 in /Library/Java/JavaVirtualMachines/jdk1.8.0_73.jdk/Contents/Home/jre/lib/libjdwp.dylib at 0x000000010baf8000


Stack: [0x000070000e5c5000,0x000070000e6c5000],  sp=0x000070000e6c4b00,  free space=1022k
Native frames: (J=compiled Java code, j=interpreted, Vv=VM code, C=native code)
C  [libjdwp.dylib+0x21d68]  jvmtiAllocate+0x1d
C  [libdt_socket.dylib+0x1792]  setLastError+0x87
C  [libdt_socket.dylib+0x12ff]  socketTransport_readPacket+0x67
C  [libjdwp.dylib+0x1eb71]  transport_receivePacket+0x1a
C  [libjdwp.dylib+0xe9c9]  reader+0x72
V  [libjvm.dylib+0x397138]
V  [libjvm.dylib+0x561753]
V  [libjvm.dylib+0x562e4e]
V  [libjvm.dylib+0x4838a2]
C  [libsystem_pthread.dylib+0x3aab]  _pthread_body+0xb4
C  [libsystem_pthread.dylib+0x39f7]  _pthread_body+0x0
C  [libsystem_pthread.dylib+0x31fd]  thread_start+0xd
C  0x0000000000000000


---------------  P R O C E S S  ---------------

Java Threads: ( => current thread )
  0x00007fe1dd84f800 JavaThread "Service Thread" daemon [_thread_blocked, id=22531, stack(0x000070000ead4000,0x000070000ebd4000)]
  0x00007fe1dd84e800 JavaThread "C1 CompilerThread3" daemon [_thread_blocked, id=22019, stack(0x000070000e9d1000,0x000070000ead1000)]
  0x00007fe1dd857000 JavaThread "C2 CompilerThread2" daemon [_thread_blocked, id=21507, stack(0x000070000e8ce000,0x000070000e9ce000)]
  0x00007fe1dd856000 JavaThread "C2 CompilerThread1" daemon [_thread_blocked, id=20995, stack(0x000070000e7cb000,0x000070000e8cb000)]
  0x00007fe1db80b000 JavaThread "C2 CompilerThread0" daemon [_thread_blocked, id=20483, stack(0x000070000e6c8000,0x000070000e7c8000)]
=>0x00007fe1de029000 JavaThread "JDWP Command Reader" daemon [_thread_in_native, id=19971, stack(0x000070000e5c5000,0x000070000e6c5000)]
  0x00007fe1de800000 JavaThread "JDWP Event Helper Thread" daemon [_thread_blocked, id=19459, stack(0x000070000e4c2000,0x000070000e5c2000)]
  0x00007fe1dc007000 JavaThread "JDWP Transport Listener: dt_socket" daemon [_thread_blocked, id=18947, stack(0x000070000e3bf000,0x000070000e4bf000)]
  0x00007fe1dd816000 JavaThread "Signal Dispatcher" daemon [_thread_blocked, id=18435, stack(0x000070000e2bc000,0x000070000e3bc000)]
  0x00007fe1dd806800 JavaThread "Finalizer" daemon [_thread_blocked, id=14595, stack(0x000070000e1b9000,0x000070000e2b9000)]
  0x00007fe1dd806000 JavaThread "Reference Handler" daemon [_thread_blocked, id=14083, stack(0x000070000e0b6000,0x000070000e1b6000)]
  0x00007fe1db002000 JavaThread "main" [_thread_blocked, id=7171, stack(0x000070000d698000,0x000070000d798000)]

Other Threads:
  0x00007fe1db03e000 VMThread [stack: 0x000070000dfb3000,0x000070000e0b3000] [id=13571]

VM state:at safepoint (normal execution)

VM Mutex/Monitor currently owned by a thread:  ([mutex/lock_event])
[0x00007fe1dae07380] Threads_lock - owner thread: 0x00007fe1db03e000

Heap:
 PSYoungGen      total 281088K, used 7785K [0x000000076ab00000, 0x0000000784f80000, 0x00000007c0000000)
  eden space 262144K, 2% used [0x000000076ab00000,0x000000076b29a588,0x000000077ab00000)
  from space 18944K, 0% used [0x000000077ab00000,0x000000077ab00000,0x000000077bd80000)
  to   space 24064K, 0% used [0x0000000783800000,0x0000000783800000,0x0000000784f80000)
 ParOldGen       total 125952K, used 34868K [0x00000006c0000000, 0x00000006c7b00000, 0x000000076ab00000)
  object space 125952K, 27% used [0x00000006c0000000,0x00000006c220d320,0x00000006c7b00000)
 Metaspace       used 25546K, capacity 26360K, committed 27696K, reserved 1073152K
  class space    used 2990K, capacity 3153K, committed 3376K, reserved 1048576K

Card table byte_map: [0x000000010df4d000,0x000000010e74e000] byte_map_base: 0x000000010a94d000

Marking Bits: (ParMarkBitMap*) 0x000000010d4e3ea0
 Begin Bits: [0x000000010eca4000, 0x0000000112ca4000)
 End Bits:   [0x0000000112ca4000, 0x0000000116ca4000)

Polling page: 0x000000010baf7000

CodeCache: size=245760Kb used=15010Kb max_used=15226Kb free=230750Kb
 bounds [0x000000011942e000, 0x000000011a33e000, 0x000000012842e000]
 total_blobs=4862 nmethods=4464 adapters=319
 compilation: enabled

Compilation events (10 events):
Event: 4.740 Thread 0x00007fe1dd84e800 nmethod 5164 0x00000001195499d0 code [0x0000000119549b40, 0x0000000119549cf0]
Event: 4.741 Thread 0x00007fe1db80b000 nmethod 5064 0x000000011a321cd0 code [0x000000011a3224a0, 0x000000011a32a738]
Event: 4.742 Thread 0x00007fe1db80b000 5169       4       java.lang.ref.ReferenceQueue::remove (6 bytes)
Event: 4.743 Thread 0x00007fe1dd84e800 5170       3       java.io.FileInputStream::finalize (22 bytes)
Event: 4.743 Thread 0x00007fe1dd84e800 nmethod 5170 0x0000000119c54450 code [0x0000000119c545c0, 0x0000000119c54868]
Event: 4.744 Thread 0x00007fe1dd857000 nmethod 5065 0x0000000119a39e50 code [0x0000000119a3a040, 0x0000000119a3a650]
Event: 4.744 Thread 0x00007fe1dd857000 5171   !   4       java.lang.ref.ReferenceQueue::remove (125 bytes)
Event: 4.745 Thread 0x00007fe1dd84e800 5165       3       java.util.concurrent.ConcurrentHashMap$ValueIterator::next (34 bytes)
Event: 4.745 Thread 0x00007fe1dd84e800 nmethod 5165 0x0000000119fe3e50 code [0x0000000119fe3fe0, 0x0000000119fe4338]
Event: 4.746 Thread 0x00007fe1dd84e800 5166       3       java.util.Arrays::asList (9 bytes)

GC Heap History (10 events):
Event: 2.882 GC heap before
{Heap before GC invocations=5 (full 0):
 PSYoungGen      total 141824K, used 141808K [0x000000076ab00000, 0x0000000774000000, 0x00000007c0000000)
  eden space 131072K, 100% used [0x000000076ab00000,0x0000000772b00000,0x0000000772b00000)
  from space 10752K, 99% used [0x0000000773580000,0x0000000773ffc030,0x0000000774000000)
  to   space 10752K, 0% used [0x0000000772b00000,0x0000000772b00000,0x0000000773580000)
 ParOldGen       total 175104K, used 1262K [0x00000006c0000000, 0x00000006cab00000, 0x000000076ab00000)
  object space 175104K, 0% used [0x00000006c0000000,0x00000006c013b910,0x00000006cab00000)
 Metaspace       used 18402K, capacity 18828K, committed 18944K, reserved 1067008K
  class space    used 2139K, capacity 2244K, committed 2304K, reserved 1048576K
Event: 2.898 GC heap after
Heap after GC invocations=5 (full 0):
 PSYoungGen      total 141824K, used 10720K [0x000000076ab00000, 0x000000077d100000, 0x00000007c0000000)
  eden space 131072K, 0% used [0x000000076ab00000,0x000000076ab00000,0x0000000772b00000)
  from space 10752K, 99% used [0x0000000772b00000,0x0000000773578020,0x0000000773580000)
  to   space 19456K, 0% used [0x000000077be00000,0x000000077be00000,0x000000077d100000)
 ParOldGen       total 175104K, used 9300K [0x00000006c0000000, 0x00000006cab00000, 0x000000076ab00000)
  object space 175104K, 5% used [0x00000006c0000000,0x00000006c09152b0,0x00000006cab00000)
 Metaspace       used 18402K, capacity 18828K, committed 18944K, reserved 1067008K
  class space    used 2139K, capacity 2244K, committed 2304K, reserved 1048576K
}
Event: 3.108 GC heap before
{Heap before GC invocations=6 (full 0):
 PSYoungGen      total 141824K, used 44932K [0x000000076ab00000, 0x000000077d100000, 0x00000007c0000000)
  eden space 131072K, 26% used [0x000000076ab00000,0x000000076cc693b0,0x0000000772b00000)
  from space 10752K, 99% used [0x0000000772b00000,0x0000000773578020,0x0000000773580000)
  to   space 19456K, 0% used [0x000000077be00000,0x000000077be00000,0x000000077d100000)
 ParOldGen       total 175104K, used 9300K [0x00000006c0000000, 0x00000006cab00000, 0x000000076ab00000)
  object space 175104K, 5% used [0x00000006c0000000,0x00000006c09152b0,0x00000006cab00000)
 Metaspace       used 20758K, capacity 21196K, committed 21296K, reserved 1069056K
  class space    used 2461K, capacity 2564K, committed 2608K, reserved 1048576K
Event: 3.122 GC heap after
Heap after GC invocations=6 (full 0):
 PSYoungGen      total 280576K, used 11722K [0x000000076ab00000, 0x000000077d000000, 0x00000007c0000000)
  eden space 262144K, 0% used [0x000000076ab00000,0x000000076ab00000,0x000000077ab00000)
  from space 18432K, 63% used [0x000000077be00000,0x000000077c972a18,0x000000077d000000)
  to   space 18944K, 0% used [0x000000077ab00000,0x000000077ab00000,0x000000077bd80000)
 ParOldGen       total 175104K, used 9308K [0x00000006c0000000, 0x00000006cab00000, 0x000000076ab00000)
  object space 175104K, 5% used [0x00000006c0000000,0x00000006c09172b0,0x00000006cab00000)
 Metaspace       used 20758K, capacity 21196K, committed 21296K, reserved 1069056K
  class space    used 2461K, capacity 2564K, committed 2608K, reserved 1048576K
}
Event: 3.122 GC heap before
{Heap before GC invocations=7 (full 1):
 PSYoungGen      total 280576K, used 11722K [0x000000076ab00000, 0x000000077d000000, 0x00000007c0000000)
  eden space 262144K, 0% used [0x000000076ab00000,0x000000076ab00000,0x000000077ab00000)
  from space 18432K, 63% used [0x000000077be00000,0x000000077c972a18,0x000000077d000000)
  to   space 18944K, 0% used [0x000000077ab00000,0x000000077ab00000,0x000000077bd80000)
 ParOldGen       total 175104K, used 9308K [0x00000006c0000000, 0x00000006cab00000, 0x000000076ab00000)
  object space 175104K, 5% used [0x00000006c0000000,0x00000006c09172b0,0x00000006cab00000)
 Metaspace       used 20758K, capacity 21196K, committed 21296K, reserved 1069056K
  class space    used 2461K, capacity 2564K, committed 2608K, reserved 1048576K
Event: 3.219 GC heap after
Heap after GC invocations=7 (full 1):
 PSYoungGen      total 280576K, used 0K [0x000000076ab00000, 0x000000077d000000, 0x00000007c0000000)
  eden space 262144K, 0% used [0x000000076ab00000,0x000000076ab00000,0x000000077ab00000)
  from space 18432K, 0% used [0x000000077be00000,0x000000077be00000,0x000000077d000000)
  to   space 18944K, 0% used [0x000000077ab00000,0x000000077ab00000,0x000000077bd80000)
 ParOldGen       total 125952K, used 18293K [0x00000006c0000000, 0x00000006c7b00000, 0x000000076ab00000)
  object space 125952K, 14% used [0x00000006c0000000,0x00000006c11dd550,0x00000006c7b00000)
 Metaspace       used 20758K, capacity 21196K, committed 21296K, reserved 1069056K
  class space    used 2461K, capacity 2564K, committed 2608K, reserved 1048576K
}
Event: 4.551 GC heap before
{Heap before GC invocations=8 (full 1):
 PSYoungGen      total 280576K, used 188380K [0x000000076ab00000, 0x000000077d000000, 0x00000007c0000000)
  eden space 262144K, 71% used [0x000000076ab00000,0x00000007762f70f0,0x000000077ab00000)
  from space 18432K, 0% used [0x000000077be00000,0x000000077be00000,0x000000077d000000)
  to   space 18944K, 0% used [0x000000077ab00000,0x000000077ab00000,0x000000077bd80000)
 ParOldGen       total 125952K, used 18293K [0x00000006c0000000, 0x00000006c7b00000, 0x000000076ab00000)
  object space 125952K, 14% used [0x00000006c0000000,0x00000006c11dd550,0x00000006c7b00000)
 Metaspace       used 26656K, capacity 27516K, committed 27696K, reserved 1073152K
  class space    used 3135K, capacity 3325K, committed 3376K, reserved 1048576K
Event: 4.570 GC heap after
Heap after GC invocations=8 (full 1):
 PSYoungGen      total 281088K, used 18914K [0x000000076ab00000, 0x0000000784f80000, 0x00000007c0000000)
  eden space 262144K, 0% used [0x000000076ab00000,0x000000076ab00000,0x000000077ab00000)
  from space 18944K, 99% used [0x000000077ab00000,0x000000077bd78938,0x000000077bd80000)
  to   space 24064K, 0% used [0x0000000783800000,0x0000000783800000,0x0000000784f80000)
 ParOldGen       total 125952K, used 21418K [0x00000006c0000000, 0x00000006c7b00000, 0x000000076ab00000)
  object space 125952K, 17% used [0x00000006c0000000,0x00000006c14eaa60,0x00000006c7b00000)
 Metaspace       used 26656K, capacity 27516K, committed 27696K, reserved 1073152K
  class space    used 3135K, capacity 3325K, committed 3376K, reserved 1048576K
}
Event: 4.570 GC heap before
{Heap before GC invocations=9 (full 2):
 PSYoungGen      total 281088K, used 18914K [0x000000076ab00000, 0x0000000784f80000, 0x00000007c0000000)
  eden space 262144K, 0% used [0x000000076ab00000,0x000000076ab00000,0x000000077ab00000)
  from space 18944K, 99% used [0x000000077ab00000,0x000000077bd78938,0x000000077bd80000)
  to   space 24064K, 0% used [0x0000000783800000,0x0000000783800000,0x0000000784f80000)
 ParOldGen       total 125952K, used 21418K [0x00000006c0000000, 0x00000006c7b00000, 0x000000076ab00000)
  object space 125952K, 17% used [0x00000006c0000000,0x00000006c14eaa60,0x00000006c7b00000)
 Metaspace       used 26656K, capacity 27516K, committed 27696K, reserved 1073152K
  class space    used 3135K, capacity 3325K, committed 3376K, reserved 1048576K
Event: 4.735 GC heap after
Heap after GC invocations=9 (full 2):
 PSYoungGen      total 281088K, used 0K [0x000000076ab00000, 0x0000000784f80000, 0x00000007c0000000)
  eden space 262144K, 0% used [0x000000076ab00000,0x000000076ab00000,0x000000077ab00000)
  from space 18944K, 0% used [0x000000077ab00000,0x000000077ab00000,0x000000077bd80000)
  to   space 24064K, 0% used [0x0000000783800000,0x0000000783800000,0x0000000784f80000)
 ParOldGen       total 125952K, used 34868K [0x00000006c0000000, 0x00000006c7b00000, 0x000000076ab00000)
  object space 125952K, 27% used [0x00000006c0000000,0x00000006c220d320,0x00000006c7b00000)
 Metaspace       used 25538K, capacity 26296K, committed 27696K, reserved 1073152K
  class space    used 2989K, capacity 3153K, committed 3376K, reserved 1048576K
}

Deoptimization events (10 events):
Event: 4.546 Thread 0x00007fe1db002000 Uncommon trap: reason=unhandled action=none pc=0x0000000119feb6dc method=java.net.URLClassLoader.findClass(Ljava/lang/String;)Ljava/lang/Class; @ 44
Event: 4.548 Thread 0x00007fe1db002000 Uncommon trap: reason=unhandled action=none pc=0x0000000119feb6dc method=java.net.URLClassLoader.findClass(Ljava/lang/String;)Ljava/lang/Class; @ 44
Event: 4.548 Thread 0x00007fe1db002000 Uncommon trap: reason=unhandled action=none pc=0x0000000119feb6dc method=java.net.URLClassLoader.findClass(Ljava/lang/String;)Ljava/lang/Class; @ 44
Event: 4.548 Thread 0x00007fe1db002000 Uncommon trap: reason=unhandled action=none pc=0x0000000119feb6dc method=java.net.URLClassLoader.findClass(Ljava/lang/String;)Ljava/lang/Class; @ 44
Event: 4.548 Thread 0x00007fe1db002000 Uncommon trap: reason=unhandled action=none pc=0x0000000119feb6dc method=java.net.URLClassLoader.findClass(Ljava/lang/String;)Ljava/lang/Class; @ 44
Event: 4.549 Thread 0x00007fe1db002000 Uncommon trap: reason=unhandled action=none pc=0x0000000119feb6dc method=java.net.URLClassLoader.findClass(Ljava/lang/String;)Ljava/lang/Class; @ 44
Event: 4.549 Thread 0x00007fe1db002000 Uncommon trap: reason=unhandled action=none pc=0x0000000119feb6dc method=java.net.URLClassLoader.findClass(Ljava/lang/String;)Ljava/lang/Class; @ 44
Event: 4.736 Thread 0x00007fe1db002000 Uncommon trap: reason=unstable_if action=reinterpret pc=0x0000000119d48f24 method=java.util.concurrent.ConcurrentHashMap.replaceNode(Ljava/lang/Object;Ljava/lang/Object;Ljava/lang/Object;)Ljava/lang/Object; @ 136
Event: 4.738 Thread 0x00007fe1db002000 Uncommon trap: reason=unhandled action=none pc=0x0000000119feb6dc method=java.net.URLClassLoader.findClass(Ljava/lang/String;)Ljava/lang/Class; @ 44
Event: 4.744 Thread 0x00007fe1db002000 Uncommon trap: reason=unhandled action=none pc=0x0000000119feb6dc method=java.net.URLClassLoader.findClass(Ljava/lang/String;)Ljava/lang/Class; @ 44

Internal exceptions (10 events):
Event: 4.514 Thread 0x00007fe1db002000 Exception <a 'java/lang/ArrayIndexOutOfBoundsException': 85> (0x0000000775a958d8) thrown at [/HUDSON3/workspace/8-2-build-macosx-x86_64/jdk8u73/6086/hotspot/src/share/vm/interpreter/interpreterRuntime.cpp, line 366]
Event: 4.514 Thread 0x00007fe1db002000 Exception <a 'java/lang/ArrayIndexOutOfBoundsException': 112> (0x0000000775a97078) thrown at [/HUDSON3/workspace/8-2-build-macosx-x86_64/jdk8u73/6086/hotspot/src/share/vm/interpreter/interpreterRuntime.cpp, line 366]
Event: 4.514 Thread 0x00007fe1db002000 Exception <a 'java/lang/ArrayIndexOutOfBoundsException': 100> (0x0000000775a98e30) thrown at [/HUDSON3/workspace/8-2-build-macosx-x86_64/jdk8u73/6086/hotspot/src/share/vm/interpreter/interpreterRuntime.cpp, line 366]
Event: 4.514 Thread 0x00007fe1db002000 Exception <a 'java/lang/ArrayIndexOutOfBoundsException': 86> (0x0000000775a9a478) thrown at [/HUDSON3/workspace/8-2-build-macosx-x86_64/jdk8u73/6086/hotspot/src/share/vm/interpreter/interpreterRuntime.cpp, line 366]
Event: 4.514 Thread 0x00007fe1db002000 Exception <a 'java/lang/ArrayIndexOutOfBoundsException': 111> (0x0000000775a9bbf0) thrown at [/HUDSON3/workspace/8-2-build-macosx-x86_64/jdk8u73/6086/hotspot/src/share/vm/interpreter/interpreterRuntime.cpp, line 366]
Event: 4.514 Thread 0x00007fe1db002000 Exception <a 'java/lang/ArrayIndexOutOfBoundsException': 113> (0x0000000775a9d930) thrown at [/HUDSON3/workspace/8-2-build-macosx-x86_64/jdk8u73/6086/hotspot/src/share/vm/interpreter/interpreterRuntime.cpp, line 366]
Event: 4.519 Thread 0x00007fe1db002000 Exception <a 'java/lang/ArrayIndexOutOfBoundsException': 37> (0x0000000775d0ac98) thrown at [/HUDSON3/workspace/8-2-build-macosx-x86_64/jdk8u73/6086/hotspot/src/share/vm/interpreter/interpreterRuntime.cpp, line 366]
Event: 4.519 Thread 0x00007fe1db002000 Exception <a 'java/lang/ArrayIndexOutOfBoundsException': 72> (0x0000000775d0c0f8) thrown at [/HUDSON3/workspace/8-2-build-macosx-x86_64/jdk8u73/6086/hotspot/src/share/vm/interpreter/interpreterRuntime.cpp, line 366]
Event: 4.519 Thread 0x00007fe1db002000 Exception <a 'java/lang/ArrayIndexOutOfBoundsException': 83> (0x0000000775d0d9c8) thrown at [/HUDSON3/workspace/8-2-build-macosx-x86_64/jdk8u73/6086/hotspot/src/share/vm/interpreter/interpreterRuntime.cpp, line 366]
Event: 4.520 Thread 0x00007fe1db002000 Exception <a 'java/lang/ArrayIndexOutOfBoundsException': 83> (0x0000000775d0f1b8) thrown at [/HUDSON3/workspace/8-2-build-macosx-x86_64/jdk8u73/6086/hotspot/src/share/vm/interpreter/interpreterRuntime.cpp, line 366]

Events (10 events):
Event: 4.745 Thread 0x00007fe1dd84e800 flushing nmethod 0x000000011a0fab50
Event: 4.745 Thread 0x00007fe1dd84e800 flushing nmethod 0x000000011a0fae90
Event: 4.745 Thread 0x00007fe1dd84e800 flushing nmethod 0x000000011a0fb1d0
Event: 4.745 Thread 0x00007fe1dd84e800 flushing nmethod 0x000000011a0fb590
Event: 4.745 Thread 0x00007fe1dd84e800 flushing nmethod 0x000000011a0fc6d0
Event: 4.745 Thread 0x00007fe1dd84e800 flushing nmethod 0x000000011a0ffc10
Event: 4.745 Thread 0x00007fe1dd84e800 flushing nmethod 0x000000011a1007d0
Event: 4.745 Thread 0x00007fe1dd84e800 flushing nmethod 0x000000011a10fad0
Event: 4.746 Thread 0x00007fe1e569c000 Thread exited: 0x00007fe1e569c000
Event: 4.746 Executing VM operation: Exit


Dynamic libraries:
0x0000000004ce0000 	/System/Library/Frameworks/Cocoa.framework/Versions/A/Cocoa
0x0000000004ce0000 	/System/Library/Frameworks/Security.framework/Versions/A/Security
0x0000000004ce0000 	/System/Library/Frameworks/ApplicationServices.framework/Versions/A/ApplicationServices
0x0000000004ce0000 	/usr/lib/libz.1.dylib
0x0000000004ce0000 	/usr/lib/libSystem.B.dylib
0x0000000004ce0000 	/usr/lib/libobjc.A.dylib
0x0000000004ce0000 	/System/Library/Frameworks/CoreFoundation.framework/Versions/A/CoreFoundation
0x0000000004ce0000 	/System/Library/Frameworks/Foundation.framework/Versions/C/Foundation
0x0000000004ce0000 	/System/Library/Frameworks/AppKit.framework/Versions/C/AppKit
0x0000000004ce0000 	/System/Library/Frameworks/CoreData.framework/Versions/A/CoreData
0x0000000004ce0000 	/System/Library/PrivateFrameworks/RemoteViewServices.framework/Versions/A/RemoteViewServices
0x0000000004ce0000 	/System/Library/PrivateFrameworks/UIFoundation.framework/Versions/A/UIFoundation
0x0000000004ce0000 	/System/Library/PrivateFrameworks/DFRFoundation.framework/Versions/A/DFRFoundation
0x0000000004ce0000 	/usr/lib/libenergytrace.dylib
0x0000000004ce0000 	/System/Library/PrivateFrameworks/SkyLight.framework/Versions/A/SkyLight
0x0000000004ce0000 	/System/Library/Frameworks/CoreGraphics.framework/Versions/A/CoreGraphics
0x0000000004ce0000 	/usr/lib/libScreenReader.dylib
0x0000000004ce0000 	/System/Library/Frameworks/Accelerate.framework/Versions/A/Accelerate
0x0000000004ce0000 	/System/Library/Frameworks/IOSurface.framework/Versions/A/IOSurface
0x0000000004ce0000 	/System/Library/Frameworks/AudioToolbox.framework/Versions/A/AudioToolbox
0x0000000004ce0000 	/System/Library/Frameworks/AudioUnit.framework/Versions/A/AudioUnit
0x0000000004ce0000 	/System/Library/PrivateFrameworks/DataDetectorsCore.framework/Versions/A/DataDetectorsCore
0x0000000004ce0000 	/System/Library/PrivateFrameworks/DesktopServicesPriv.framework/Versions/A/DesktopServicesPriv
0x0000000004ce0000 	/System/Library/Frameworks/Carbon.framework/Versions/A/Frameworks/HIToolbox.framework/Versions/A/HIToolbox
0x0000000004ce0000 	/usr/lib/libicucore.A.dylib
0x0000000004ce0000 	/System/Library/Frameworks/QuartzCore.framework/Versions/A/QuartzCore
0x0000000004ce0000 	/System/Library/Frameworks/Carbon.framework/Versions/A/Frameworks/SpeechRecognition.framework/Versions/A/SpeechRecognition
0x0000000004ce0000 	/usr/lib/libauto.dylib
0x0000000004ce0000 	/usr/lib/libxml2.2.dylib
0x0000000004ce0000 	/System/Library/PrivateFrameworks/CoreUI.framework/Versions/A/CoreUI
0x0000000004ce0000 	/System/Library/Frameworks/CoreAudio.framework/Versions/A/CoreAudio
0x0000000004ce0000 	/System/Library/Frameworks/DiskArbitration.framework/Versions/A/DiskArbitration
0x0000000004ce0000 	/usr/lib/liblangid.dylib
0x0000000004ce0000 	/System/Library/PrivateFrameworks/MultitouchSupport.framework/Versions/A/MultitouchSupport
0x0000000004ce0000 	/System/Library/Frameworks/IOKit.framework/Versions/A/IOKit
0x0000000004ce0000 	/usr/lib/libDiagnosticMessagesClient.dylib
0x0000000004ce0000 	/System/Library/Frameworks/CoreServices.framework/Versions/A/CoreServices
0x0000000004ce0000 	/System/Library/PrivateFrameworks/PerformanceAnalysis.framework/Versions/A/PerformanceAnalysis
0x0000000004ce0000 	/System/Library/PrivateFrameworks/GenerationalStorage.framework/Versions/A/GenerationalStorage
0x0000000004ce0000 	/System/Library/Frameworks/OpenGL.framework/Versions/A/OpenGL
0x0000000004ce0000 	/System/Library/Frameworks/CoreImage.framework/Versions/A/CoreImage
0x0000000004ce0000 	/System/Library/Frameworks/CoreText.framework/Versions/A/CoreText
0x0000000004ce0000 	/System/Library/Frameworks/ImageIO.framework/Versions/A/ImageIO
0x0000000004ce0000 	/System/Library/PrivateFrameworks/Backup.framework/Versions/A/Backup
0x0000000004ce0000 	/usr/lib/libarchive.2.dylib
0x0000000004ce0000 	/System/Library/Frameworks/CFNetwork.framework/Versions/A/CFNetwork
0x0000000004ce0000 	/System/Library/Frameworks/SystemConfiguration.framework/Versions/A/SystemConfiguration
0x0000000004ce0000 	/usr/lib/libCRFSuite.dylib
0x0000000004ce0000 	/usr/lib/libc++.1.dylib
0x0000000004ce0000 	/usr/lib/libc++abi.dylib
0x0000000004ce0000 	/usr/lib/system/libcache.dylib
0x0000000004ce0000 	/usr/lib/system/libcommonCrypto.dylib
0x0000000004ce0000 	/usr/lib/system/libcompiler_rt.dylib
0x0000000004ce0000 	/usr/lib/system/libcopyfile.dylib
0x0000000004ce0000 	/usr/lib/system/libcorecrypto.dylib
0x0000000004ce0000 	/usr/lib/system/libdispatch.dylib
0x0000000004ce0000 	/usr/lib/system/libdyld.dylib
0x0000000004ce0000 	/usr/lib/system/libkeymgr.dylib
0x0000000004ce0000 	/usr/lib/system/liblaunch.dylib
0x0000000004ce0000 	/usr/lib/system/libmacho.dylib
0x0000000004ce0000 	/usr/lib/system/libquarantine.dylib
0x0000000004ce0000 	/usr/lib/system/libremovefile.dylib
0x0000000004ce0000 	/usr/lib/system/libsystem_asl.dylib
0x0000000004ce0000 	/usr/lib/system/libsystem_blocks.dylib
0x0000000004ce0000 	/usr/lib/system/libsystem_c.dylib
0x0000000004ce0000 	/usr/lib/system/libsystem_configuration.dylib
0x0000000004ce0000 	/usr/lib/system/libsystem_coreservices.dylib
0x0000000004ce0000 	/usr/lib/system/libsystem_coretls.dylib
0x0000000004ce0000 	/usr/lib/system/libsystem_dnssd.dylib
0x0000000004ce0000 	/usr/lib/system/libsystem_info.dylib
0x0000000004ce0000 	/usr/lib/system/libsystem_kernel.dylib
0x0000000004ce0000 	/usr/lib/system/libsystem_m.dylib
0x0000000004ce0000 	/usr/lib/system/libsystem_malloc.dylib
0x0000000004ce0000 	/usr/lib/system/libsystem_network.dylib
0x0000000004ce0000 	/usr/lib/system/libsystem_networkextension.dylib
0x0000000004ce0000 	/usr/lib/system/libsystem_notify.dylib
0x0000000004ce0000 	/usr/lib/system/libsystem_platform.dylib
0x0000000004ce0000 	/usr/lib/system/libsystem_pthread.dylib
0x0000000004ce0000 	/usr/lib/system/libsystem_sandbox.dylib
0x0000000004ce0000 	/usr/lib/system/libsystem_secinit.dylib
0x0000000004ce0000 	/usr/lib/system/libsystem_symptoms.dylib
0x0000000004ce0000 	/usr/lib/system/libsystem_trace.dylib
0x0000000004ce0000 	/usr/lib/system/libunwind.dylib
0x0000000004ce0000 	/usr/lib/system/libxpc.dylib
0x0000000004ce0000 	/usr/lib/libbsm.0.dylib
0x0000000004ce0000 	/usr/lib/system/libkxld.dylib
0x0000000004ce0000 	/usr/lib/libcoretls.dylib
0x0000000004ce0000 	/usr/lib/libcoretls_cfhelpers.dylib
0x0000000004ce0000 	/usr/lib/libxar.1.dylib
0x0000000004ce0000 	/usr/lib/libsqlite3.dylib
0x0000000004ce0000 	/usr/lib/libpam.2.dylib
0x0000000004ce0000 	/usr/lib/libOpenScriptingUtil.dylib
0x0000000004ce0000 	/usr/lib/libbz2.1.0.dylib
0x0000000004ce0000 	/usr/lib/liblzma.5.dylib
0x0000000004ce0000 	/usr/lib/libnetwork.dylib
0x0000000004ce0000 	/usr/lib/libpcap.A.dylib
0x0000000004ce0000 	/System/Library/Frameworks/CoreServices.framework/Versions/A/Frameworks/FSEvents.framework/Versions/A/FSEvents
0x0000000004ce0000 	/System/Library/Frameworks/CoreServices.framework/Versions/A/Frameworks/CarbonCore.framework/Versions/A/CarbonCore
0x0000000004ce0000 	/System/Library/Frameworks/CoreServices.framework/Versions/A/Frameworks/Metadata.framework/Versions/A/Metadata
0x0000000004ce0000 	/System/Library/Frameworks/CoreServices.framework/Versions/A/Frameworks/OSServices.framework/Versions/A/OSServices
0x0000000004ce0000 	/System/Library/Frameworks/CoreServices.framework/Versions/A/Frameworks/SearchKit.framework/Versions/A/SearchKit
0x0000000004ce0000 	/System/Library/Frameworks/CoreServices.framework/Versions/A/Frameworks/AE.framework/Versions/A/AE
0x0000000004ce0000 	/System/Library/Frameworks/CoreServices.framework/Versions/A/Frameworks/LaunchServices.framework/Versions/A/LaunchServices
0x0000000004ce0000 	/System/Library/Frameworks/CoreServices.framework/Versions/A/Frameworks/DictionaryServices.framework/Versions/A/DictionaryServices
0x0000000004ce0000 	/System/Library/Frameworks/CoreServices.framework/Versions/A/Frameworks/SharedFileList.framework/Versions/A/SharedFileList
0x0000000004ce0000 	/System/Library/Frameworks/NetFS.framework/Versions/A/NetFS
0x0000000004ce0000 	/System/Library/PrivateFrameworks/NetAuth.framework/Versions/A/NetAuth
0x0000000004ce0000 	/System/Library/PrivateFrameworks/login.framework/Versions/A/Frameworks/loginsupport.framework/Versions/A/loginsupport
0x0000000004ce0000 	/System/Library/PrivateFrameworks/TCC.framework/Versions/A/TCC
0x0000000004ce0000 	/usr/lib/libmecabra.dylib
0x0000000004ce0000 	/System/Library/Frameworks/ApplicationServices.framework/Versions/A/Frameworks/ATS.framework/Versions/A/ATS
0x0000000004ce0000 	/System/Library/Frameworks/ApplicationServices.framework/Versions/A/Frameworks/ColorSync.framework/Versions/A/ColorSync
0x0000000004ce0000 	/System/Library/Frameworks/ApplicationServices.framework/Versions/A/Frameworks/HIServices.framework/Versions/A/HIServices
0x0000000004ce0000 	/System/Library/Frameworks/ApplicationServices.framework/Versions/A/Frameworks/LangAnalysis.framework/Versions/A/LangAnalysis
0x0000000004ce0000 	/System/Library/Frameworks/ApplicationServices.framework/Versions/A/Frameworks/PrintCore.framework/Versions/A/PrintCore
0x0000000004ce0000 	/System/Library/Frameworks/ApplicationServices.framework/Versions/A/Frameworks/QD.framework/Versions/A/QD
0x0000000004ce0000 	/System/Library/Frameworks/ApplicationServices.framework/Versions/A/Frameworks/SpeechSynthesis.framework/Versions/A/SpeechSynthesis
0x0000000004ce0000 	/System/Library/Frameworks/Accelerate.framework/Versions/A/Frameworks/vImage.framework/Versions/A/vImage
0x0000000004ce0000 	/System/Library/Frameworks/Accelerate.framework/Versions/A/Frameworks/vecLib.framework/Versions/A/vecLib
0x0000000004ce0000 	/System/Library/Frameworks/Accelerate.framework/Versions/A/Frameworks/vecLib.framework/Versions/A/libvDSP.dylib
0x0000000004ce0000 	/System/Library/Frameworks/Accelerate.framework/Versions/A/Frameworks/vecLib.framework/Versions/A/libBNNS.dylib
0x0000000004ce0000 	/System/Library/Frameworks/Accelerate.framework/Versions/A/Frameworks/vecLib.framework/Versions/A/libQuadrature.dylib
0x0000000004ce0000 	/System/Library/Frameworks/Accelerate.framework/Versions/A/Frameworks/vecLib.framework/Versions/A/libvMisc.dylib
0x0000000004ce0000 	/System/Library/Frameworks/Accelerate.framework/Versions/A/Frameworks/vecLib.framework/Versions/A/libLAPACK.dylib
0x0000000004ce0000 	/System/Library/Frameworks/Accelerate.framework/Versions/A/Frameworks/vecLib.framework/Versions/A/libBLAS.dylib
0x0000000004ce0000 	/System/Library/Frameworks/Accelerate.framework/Versions/A/Frameworks/vecLib.framework/Versions/A/libLinearAlgebra.dylib
0x0000000004ce0000 	/System/Library/Frameworks/Accelerate.framework/Versions/A/Frameworks/vecLib.framework/Versions/A/libSparseBLAS.dylib
0x0000000004ce0000 	/System/Library/Frameworks/ApplicationServices.framework/Versions/A/Frameworks/ATS.framework/Versions/A/Resources/libFontParser.dylib
0x0000000004ce0000 	/System/Library/Frameworks/ApplicationServices.framework/Versions/A/Frameworks/ATS.framework/Versions/A/Resources/libFontRegistry.dylib
0x0000000004ce0000 	/System/Library/Frameworks/ImageIO.framework/Versions/A/Resources/libJPEG.dylib
0x0000000004ce0000 	/System/Library/Frameworks/ImageIO.framework/Versions/A/Resources/libTIFF.dylib
0x0000000004ce0000 	/System/Library/Frameworks/ImageIO.framework/Versions/A/Resources/libPng.dylib
0x0000000004ce0000 	/System/Library/Frameworks/ImageIO.framework/Versions/A/Resources/libGIF.dylib
0x0000000004ce0000 	/System/Library/Frameworks/ImageIO.framework/Versions/A/Resources/libJP2.dylib
0x0000000004ce0000 	/System/Library/Frameworks/ImageIO.framework/Versions/A/Resources/libRadiance.dylib
0x0000000004ce0000 	/usr/lib/libcompression.dylib
0x0000000004ce0000 	/System/Library/PrivateFrameworks/AppleJPEG.framework/Versions/A/AppleJPEG
0x0000000004ce0000 	/usr/lib/libcups.2.dylib
0x0000000004ce0000 	/System/Library/Frameworks/Kerberos.framework/Versions/A/Kerberos
0x0000000004ce0000 	/System/Library/Frameworks/GSS.framework/Versions/A/GSS
0x0000000004ce0000 	/usr/lib/libresolv.9.dylib
0x0000000004ce0000 	/usr/lib/libiconv.2.dylib
0x0000000004ce0000 	/System/Library/PrivateFrameworks/Heimdal.framework/Versions/A/Heimdal
0x0000000004ce0000 	/usr/lib/libheimdal-asn1.dylib
0x0000000004ce0000 	/System/Library/Frameworks/OpenDirectory.framework/Versions/A/OpenDirectory
0x0000000004ce0000 	/System/Library/PrivateFrameworks/CommonAuth.framework/Versions/A/CommonAuth
0x0000000004ce0000 	/System/Library/Frameworks/OpenDirectory.framework/Versions/A/Frameworks/CFOpenDirectory.framework/Versions/A/CFOpenDirectory
0x0000000004ce0000 	/System/Library/Frameworks/SecurityFoundation.framework/Versions/A/SecurityFoundation
0x0000000004ce0000 	/System/Library/PrivateFrameworks/LanguageModeling.framework/Versions/A/LanguageModeling
0x0000000004ce0000 	/usr/lib/libmarisa.dylib
0x0000000004ce0000 	/usr/lib/libChineseTokenizer.dylib
0x0000000004ce0000 	/usr/lib/libcmph.dylib
0x0000000004ce0000 	/System/Library/PrivateFrameworks/CoreEmoji.framework/Versions/A/CoreEmoji
0x0000000004ce0000 	/System/Library/Frameworks/ServiceManagement.framework/Versions/A/ServiceManagement
0x0000000004ce0000 	/usr/lib/libxslt.1.dylib
0x0000000004ce0000 	/System/Library/Frameworks/Carbon.framework/Versions/A/Frameworks/Ink.framework/Versions/A/Ink
0x0000000004ce0000 	/System/Library/PrivateFrameworks/TextureIO.framework/Versions/A/TextureIO
0x0000000004ce0000 	/System/Library/Frameworks/Metal.framework/Versions/A/Metal
0x0000000004ce0000 	/usr/lib/libate.dylib
0x0000000004ce0000 	/System/Library/PrivateFrameworks/GPUCompiler.framework/libmetal_timestamp.dylib
0x0000000004ce0000 	/System/Library/Frameworks/OpenGL.framework/Versions/A/Libraries/libCoreFSCache.dylib
0x0000000004ce0000 	/System/Library/PrivateFrameworks/IOAccelerator.framework/Versions/A/IOAccelerator
0x0000000004ce0000 	/System/Library/Frameworks/CoreVideo.framework/Versions/A/CoreVideo
0x0000000004ce0000 	/usr/lib/libFosl_dynamic.dylib
0x0000000004ce0000 	/System/Library/PrivateFrameworks/MetalPerformanceShaders.framework/Versions/A/MetalPerformanceShaders
0x0000000004ce0000 	/System/Library/PrivateFrameworks/FaceCore.framework/Versions/A/FaceCore
0x0000000004ce0000 	/System/Library/Frameworks/OpenCL.framework/Versions/A/OpenCL
0x0000000004ce0000 	/System/Library/Frameworks/OpenGL.framework/Versions/A/Libraries/libGLU.dylib
0x0000000004ce0000 	/System/Library/Frameworks/OpenGL.framework/Versions/A/Libraries/libGFXShared.dylib
0x0000000004ce0000 	/System/Library/Frameworks/OpenGL.framework/Versions/A/Libraries/libGL.dylib
0x0000000004ce0000 	/System/Library/Frameworks/OpenGL.framework/Versions/A/Libraries/libGLImage.dylib
0x0000000004ce0000 	/System/Library/Frameworks/OpenGL.framework/Versions/A/Libraries/libCVMSPluginSupport.dylib
0x0000000004ce0000 	/System/Library/Frameworks/OpenGL.framework/Versions/A/Libraries/libCoreVMClient.dylib
0x0000000004ce0000 	/System/Library/PrivateFrameworks/CrashReporterSupport.framework/Versions/A/CrashReporterSupport
0x0000000004ce0000 	/System/Library/PrivateFrameworks/Sharing.framework/Versions/A/Sharing
0x0000000004ce0000 	/System/Library/PrivateFrameworks/IconServices.framework/Versions/A/IconServices
0x0000000004ce0000 	/System/Library/PrivateFrameworks/ProtocolBuffer.framework/Versions/A/ProtocolBuffer
0x0000000004ce0000 	/System/Library/PrivateFrameworks/Apple80211.framework/Versions/A/Apple80211
0x0000000004ce0000 	/System/Library/Frameworks/CoreWLAN.framework/Versions/A/CoreWLAN
0x0000000004ce0000 	/System/Library/PrivateFrameworks/CoreUtils.framework/Versions/A/CoreUtils
0x0000000004ce0000 	/System/Library/Frameworks/IOBluetooth.framework/Versions/A/IOBluetooth
0x0000000004ce0000 	/System/Library/PrivateFrameworks/CoreWiFi.framework/Versions/A/CoreWiFi
0x0000000004ce0000 	/System/Library/Frameworks/CoreBluetooth.framework/Versions/A/CoreBluetooth
0x0000000004ce0000 	/System/Library/Frameworks/CoreDisplay.framework/Versions/A/CoreDisplay
0x0000000004ce0000 	/System/Library/PrivateFrameworks/IOPresentment.framework/Versions/A/IOPresentment
0x0000000004ce0000 	/System/Library/PrivateFrameworks/DebugSymbols.framework/Versions/A/DebugSymbols
0x0000000004ce0000 	/System/Library/PrivateFrameworks/CoreSymbolication.framework/Versions/A/CoreSymbolication
0x0000000004ce0000 	/System/Library/PrivateFrameworks/Symbolication.framework/Versions/A/Symbolication
0x0000000004ce0000 	/System/Library/PrivateFrameworks/AppleFSCompression.framework/Versions/A/AppleFSCompression
0x0000000004ce0000 	/System/Library/PrivateFrameworks/SpeechRecognitionCore.framework/Versions/A/SpeechRecognitionCore
0x0000000004ce0000 	/System/Library/PrivateFrameworks/ChunkingLibrary.framework/Versions/A/ChunkingLibrary
0x000000010ba70000 	/System/Library/CoreServices/Encodings/libSimplifiedChineseConverter.dylib
0x000000010cc00000 	/Library/Java/JavaVirtualMachines/jdk1.8.0_73.jdk/Contents/Home/jre/lib/server/libjvm.dylib
0x0000000004ce0000 	/usr/lib/libstdc++.6.dylib
0x000000010bab4000 	/Library/Java/JavaVirtualMachines/jdk1.8.0_73.jdk/Contents/Home/jre/lib/libverify.dylib
0x000000010bac2000 	/Library/Java/JavaVirtualMachines/jdk1.8.0_73.jdk/Contents/Home/jre/lib/libjava.dylib
0x000000010baf8000 	/Library/Java/JavaVirtualMachines/jdk1.8.0_73.jdk/Contents/Home/jre/lib/libjdwp.dylib
0x000000010bb43000 	/Library/Java/JavaVirtualMachines/jdk1.8.0_73.jdk/Contents/Home/jre/lib/libnpt.dylib
0x000000010bb47000 	/Library/Java/JavaVirtualMachines/jdk1.8.0_73.jdk/Contents/Home/jre/lib/libinstrument.dylib
0x000000010bba5000 	/Library/Java/JavaVirtualMachines/jdk1.8.0_73.jdk/Contents/Home/jre/lib/libzip.dylib
0x00000001192ca000 	/System/Library/Frameworks/JavaVM.framework/Frameworks/JavaRuntimeSupport.framework/JavaRuntimeSupport
0x00000001192e4000 	/System/Library/Frameworks/JavaVM.framework/Versions/A/Frameworks/JavaNativeFoundation.framework/Versions/A/JavaNativeFoundation
0x00000001192f9000 	/System/Library/Frameworks/JavaVM.framework/Versions/A/JavaVM
0x0000000004ce0000 	/System/Library/Frameworks/Carbon.framework/Versions/A/Carbon
0x0000000119306000 	/System/Library/PrivateFrameworks/JavaLaunching.framework/Versions/A/JavaLaunching
0x0000000004ce0000 	/System/Library/Frameworks/Carbon.framework/Versions/A/Frameworks/CommonPanels.framework/Versions/A/CommonPanels
0x0000000004ce0000 	/System/Library/Frameworks/Carbon.framework/Versions/A/Frameworks/Help.framework/Versions/A/Help
0x0000000004ce0000 	/System/Library/Frameworks/Carbon.framework/Versions/A/Frameworks/ImageCapture.framework/Versions/A/ImageCapture
0x0000000004ce0000 	/System/Library/Frameworks/Carbon.framework/Versions/A/Frameworks/OpenScripting.framework/Versions/A/OpenScripting
0x0000000004ce0000 	/System/Library/Frameworks/Carbon.framework/Versions/A/Frameworks/Print.framework/Versions/A/Print
0x0000000004ce0000 	/System/Library/Frameworks/Carbon.framework/Versions/A/Frameworks/SecurityHI.framework/Versions/A/SecurityHI
0x000000011935a000 	/Library/Java/JavaVirtualMachines/jdk1.8.0_73.jdk/Contents/Home/jre/lib/libdt_socket.dylib
0x000000012a65f000 	/Library/Java/JavaVirtualMachines/jdk1.8.0_73.jdk/Contents/Home/jre/lib/libnet.dylib
0x000000012a693000 	/Library/Java/JavaVirtualMachines/jdk1.8.0_73.jdk/Contents/Home/jre/lib/libnio.dylib

VM Arguments:
jvm_args: -agentlib:jdwp=transport=dt_socket,suspend=y,address=localhost:53024 -Dmaven.home=EMBEDDED -Dclassworlds.conf=/Users/yangkai/Documents/workspace/.metadata/.plugins/org.eclipse.m2e.launching/launches/m2conf6610477792177095737.tmp -Dmaven.multiModuleProjectDirectory=/Users/yangkai/Develop/github/training/file-upload -javaagent:/Users/yangkai/.p2/pool/plugins/com.ifedorenko.m2e.sourcelookup_1.1.0.201506181114/com.ifedorenko.m2e.sourcelookup.javaagent.jar -Dfile.encoding=UTF-8 
java_command: org.codehaus.plexus.classworlds.launcher.Launcher -B -Dmaven.test.skip=true -DskipTests clean install
java_class_path (initial): /Users/yangkai/eclipse/jee-neon/Eclipse.app/Contents/Eclipse/../../../../../.p2/pool/plugins/org.eclipse.m2e.maven.runtime_1.7.0.20160603-1931/jars/plexus-classworlds-2.5.2.jar:/Users/yangkai/.p2/pool/plugins/com.ifedorenko.m2e.sourcelookup_1.1.0.201506181114/com.ifedorenko.m2e.sourcelookup.javaagent.jar
Launcher Type: SUN_STANDARD

Environment Variables:
PATH=/usr/bin:/bin:/usr/sbin:/sbin
SHELL=/bin/zsh

Signal Handlers:
SIGSEGV: [libjvm.dylib+0x5a71a5], sa_mask[0]=11111111011111110111111111111111, sa_flags=SA_ONSTACK|SA_RESTART|SA_SIGINFO
SIGBUS: [libjvm.dylib+0x5a71a5], sa_mask[0]=11111111011111110111111111111111, sa_flags=SA_RESTART|SA_SIGINFO
SIGFPE: [libjvm.dylib+0x480eb4], sa_mask[0]=11111111011111110111111111111111, sa_flags=SA_RESTART|SA_SIGINFO
SIGPIPE: [libjvm.dylib+0x480eb4], sa_mask[0]=11111111011111110111111111111111, sa_flags=SA_RESTART|SA_SIGINFO
SIGXFSZ: [libjvm.dylib+0x480eb4], sa_mask[0]=11111111011111110111111111111111, sa_flags=SA_RESTART|SA_SIGINFO
SIGILL: [libjvm.dylib+0x480eb4], sa_mask[0]=11111111011111110111111111111111, sa_flags=SA_RESTART|SA_SIGINFO
SIGUSR1: SIG_DFL, sa_mask[0]=00000000000000000000000000000000, sa_flags=none
SIGUSR2: [libjvm.dylib+0x4809d2], sa_mask[0]=00100000000000000000000000000000, sa_flags=SA_RESTART|SA_SIGINFO
SIGHUP: [libjvm.dylib+0x47efa9], sa_mask[0]=11111111011111110111111111111111, sa_flags=SA_RESTART|SA_SIGINFO
SIGINT: [libjvm.dylib+0x47efa9], sa_mask[0]=11111111011111110111111111111111, sa_flags=SA_RESTART|SA_SIGINFO
SIGTERM: [libjvm.dylib+0x47efa9], sa_mask[0]=11111111011111110111111111111111, sa_flags=SA_RESTART|SA_SIGINFO
SIGQUIT: [libjvm.dylib+0x47efa9], sa_mask[0]=11111111011111110111111111111111, sa_flags=SA_RESTART|SA_SIGINFO


---------------  S Y S T E M  ---------------

OS:Bsduname:Darwin 16.3.0 Darwin Kernel Version 16.3.0: Thu Nov 17 20:23:58 PST 2016; root:xnu-3789.31.2~1/RELEASE_X86_64 x86_64
rlimit: STACK 8192k, CORE 0k, NPROC 709, NOFILE 10240, AS infinity
load average:2.75 2.34 2.23

CPU:total 8 (4 cores per cpu, 2 threads per core) family 6 model 70 stepping 1, cmov, cx8, fxsr, mmx, sse, sse2, sse3, ssse3, sse4.1, sse4.2, popcnt, avx, avx2, aes, clmul, erms, lzcnt, ht, tsc, tscinvbit, bmi1, bmi2

Memory: 4k page, physical 16777216k(489352k free)

/proc/meminfo:


vm_info: Java HotSpot(TM) 64-Bit Server VM (25.73-b02) for bsd-amd64 JRE (1.8.0_73-b02), built on Jan 29 2016 15:02:00 by "java_re" with gcc 4.2.1 (Based on Apple Inc. build 5658) (LLVM build 2336.11.00)

time: Fri Feb  3 20:27:05 2017
elapsed time: 4 seconds (0d 0h 0m 4s)

